travis_fold:start:worker_info[0K[33;1mWorker information[0m
hostname: d2a15a9d-0cf0-422c-85b0-b820d3768456@1.production-1-worker-org-gce-t3x0
version: v6.1.0 https://github.com/travis-ci/worker/tree/a6071dd64658ecf13ec3190bfb9e9ca3c8f3e10d
instance: travis-job-8e7ef88b-5e60-42b9-8ce1-7f8da3e4227b travis-ci-garnet-trusty-1512502259-986baf0 (via amqp)
startup: 9.128529358s
travis_fold:end:worker_info[0Ktravis_fold:start:system_info[0K[33;1mBuild system information[0m
Build language: node_js
Build group: stable
Build dist: trusty
Build id: 469709040
Job id: 469709042
Runtime kernel version: 4.4.0-101-generic
travis-build version: 16ede4d8e
[34m[1mBuild image provisioning date and time[0m
Tue Dec  5 19:58:13 UTC 2017
[34m[1mOperating System Details[0m
Distributor ID:	Ubuntu
Description:	Ubuntu 14.04.5 LTS
Release:	14.04
Codename:	trusty
[34m[1mCookbooks Version[0m
7c2c6a6 https://github.com/travis-ci/travis-cookbooks/tree/7c2c6a6
[34m[1mgit version[0m
git version 2.15.1
[34m[1mbash version[0m
GNU bash, version 4.3.11(1)-release (x86_64-pc-linux-gnu)
[34m[1mgcc version[0m
gcc (Ubuntu 4.8.4-2ubuntu1~14.04.3) 4.8.4
Copyright (C) 2013 Free Software Foundation, Inc.
This is free software; see the source for copying conditions.  There is NO
warranty; not even for MERCHANTABILITY or FITNESS FOR A PARTICULAR PURPOSE.

[34m[1mdocker version[0m
Client:
 Version:      17.09.0-ce
 API version:  1.32
 Go version:   go1.8.3
 Git commit:   afdb6d4
 Built:        Tue Sep 26 22:42:38 2017
 OS/Arch:      linux/amd64

Server:
 Version:      17.09.0-ce
 API version:  1.32 (minimum version 1.12)
 Go version:   go1.8.3
 Git commit:   afdb6d4
 Built:        Tue Sep 26 22:41:20 2017
 OS/Arch:      linux/amd64
 Experimental: false
[34m[1mclang version[0m
clang version 5.0.0 (tags/RELEASE_500/final)
Target: x86_64-unknown-linux-gnu
Thread model: posix
InstalledDir: /usr/local/clang-5.0.0/bin
[34m[1mjq version[0m
jq-1.5
[34m[1mbats version[0m
Bats 0.4.0
[34m[1mshellcheck version[0m
0.4.6
[34m[1mshfmt version[0m
v2.0.0
[34m[1mccache version[0m
ccache version 3.1.9

Copyright (C) 2002-2007 Andrew Tridgell
Copyright (C) 2009-2011 Joel Rosdahl

This program is free software; you can redistribute it and/or modify it under
the terms of the GNU General Public License as published by the Free Software
Foundation; either version 3 of the License, or (at your option) any later
version.
[34m[1mcmake version[0m
cmake version 3.9.2

CMake suite maintained and supported by Kitware (kitware.com/cmake).
[34m[1mheroku version[0m
heroku-cli/6.14.39-addc925 (linux-x64) node-v9.2.0
[34m[1mimagemagick version[0m
Version: ImageMagick 6.7.7-10 2017-07-31 Q16 http://www.imagemagick.org
[34m[1mmd5deep version[0m
4.2
[34m[1mmercurial version[0m
Mercurial Distributed SCM (version 4.2.2)
(see https://mercurial-scm.org for more information)

Copyright (C) 2005-2017 Matt Mackall and others
This is free software; see the source for copying conditions. There is NO
warranty; not even for MERCHANTABILITY or FITNESS FOR A PARTICULAR PURPOSE.
[34m[1mmysql version[0m
mysql  Ver 14.14 Distrib 5.6.33, for debian-linux-gnu (x86_64) using  EditLine wrapper
[34m[1mopenssl version[0m
OpenSSL 1.0.1f 6 Jan 2014
[34m[1mpacker version[0m
Packer v1.0.2

Your version of Packer is out of date! The latest version
is 1.1.2. You can update by downloading from www.packer.io
[34m[1mpostgresql client version[0m
psql (PostgreSQL) 9.6.6
[34m[1mragel version[0m
Ragel State Machine Compiler version 6.8 Feb 2013
Copyright (c) 2001-2009 by Adrian Thurston
[34m[1msubversion version[0m
svn, version 1.8.8 (r1568071)
   compiled Aug 10 2017, 17:20:39 on x86_64-pc-linux-gnu

Copyright (C) 2013 The Apache Software Foundation.
This software consists of contributions made by many people;
see the NOTICE file for more information.
Subversion is open source software, see http://subversion.apache.org/

The following repository access (RA) modules are available:

* ra_svn : Module for accessing a repository using the svn network protocol.
  - with Cyrus SASL authentication
  - handles 'svn' scheme
* ra_local : Module for accessing a repository on local disk.
  - handles 'file' scheme
* ra_serf : Module for accessing a repository via WebDAV protocol using serf.
  - using serf 1.3.3
  - handles 'http' scheme
  - handles 'https' scheme

[34m[1msudo version[0m
Sudo version 1.8.9p5
Configure options: --prefix=/usr -v --with-all-insults --with-pam --with-fqdn --with-logging=syslog --with-logfac=authpriv --with-env-editor --with-editor=/usr/bin/editor --with-timeout=15 --with-password-timeout=0 --with-passprompt=[sudo] password for %p:  --without-lecture --with-tty-tickets --disable-root-mailer --enable-admin-flag --with-sendmail=/usr/sbin/sendmail --with-timedir=/var/lib/sudo --mandir=/usr/share/man --libexecdir=/usr/lib/sudo --with-sssd --with-sssd-lib=/usr/lib/x86_64-linux-gnu --with-selinux
Sudoers policy plugin version 1.8.9p5
Sudoers file grammar version 43

Sudoers path: /etc/sudoers
Authentication methods: 'pam'
Syslog facility if syslog is being used for logging: authpriv
Syslog priority to use when user authenticates successfully: notice
Syslog priority to use when user authenticates unsuccessfully: alert
Send mail if the user is not in sudoers
Use a separate timestamp for each user/tty combo
Lecture user the first time they run sudo
Root may run sudo
Allow some information gathering to give useful error messages
Require fully-qualified hostnames in the sudoers file
Visudo will honor the EDITOR environment variable
Set the LOGNAME and USER environment variables
Length at which to wrap log file lines (0 for no wrap): 80
Authentication timestamp timeout: 15.0 minutes
Password prompt timeout: 0.0 minutes
Number of tries to enter a password: 3
Umask to use or 0777 to use user's: 022
Path to mail program: /usr/sbin/sendmail
Flags for mail program: -t
Address to send mail to: root
Subject line for mail messages: *** SECURITY information for %h ***
Incorrect password message: Sorry, try again.
Path to authentication timestamp dir: /var/lib/sudo
Default password prompt: [sudo] password for %p: 
Default user to run commands as: root
Value to override user's $PATH with: /usr/local/sbin:/usr/local/bin:/usr/sbin:/usr/bin:/sbin:/bin:/snap/bin
Path to the editor for use by visudo: /usr/bin/editor
When to require a password for 'list' pseudocommand: any
When to require a password for 'verify' pseudocommand: all
File descriptors >= 3 will be closed before executing a command
Environment variables to check for sanity:
	TZ
	TERM
	LINGUAS
	LC_*
	LANGUAGE
	LANG
	COLORTERM
Environment variables to remove:
	RUBYOPT
	RUBYLIB
	PYTHONUSERBASE
	PYTHONINSPECT
	PYTHONPATH
	PYTHONHOME
	TMPPREFIX
	ZDOTDIR
	READNULLCMD
	NULLCMD
	FPATH
	PERL5DB
	PERL5OPT
	PERL5LIB
	PERLLIB
	PERLIO_DEBUG 
	JAVA_TOOL_OPTIONS
	SHELLOPTS
	GLOBIGNORE
	PS4
	BASH_ENV
	ENV
	TERMCAP
	TERMPATH
	TERMINFO_DIRS
	TERMINFO
	_RLD*
	LD_*
	PATH_LOCALE
	NLSPATH
	HOSTALIASES
	RES_OPTIONS
	LOCALDOMAIN
	CDPATH
	IFS
Environment variables to preserve:
	JAVA_HOME
	TRAVIS
	CI
	DEBIAN_FRONTEND
	XAUTHORIZATION
	XAUTHORITY
	PS2
	PS1
	PATH
	LS_COLORS
	KRB5CCNAME
	HOSTNAME
	HOME
	DISPLAY
	COLORS
Locale to use while parsing sudoers: C
Directory in which to store input/output logs: /var/log/sudo-io
File in which to store the input/output log: %{seq}
Add an entry to the utmp/utmpx file when allocating a pty
PAM service name to use
PAM service name to use for login shells
Create a new PAM session for the command to run in
Maximum I/O log sequence number: 0

Local IP address and netmask pairs:
	10.240.0.28/255.255.255.255
	172.17.0.1/255.255.0.0

Sudoers I/O plugin version 1.8.9p5
[34m[1mgzip version[0m
gzip 1.6
Copyright (C) 2007, 2010, 2011 Free Software Foundation, Inc.
Copyright (C) 1993 Jean-loup Gailly.
This is free software.  You may redistribute copies of it under the terms of
the GNU General Public License <http://www.gnu.org/licenses/gpl.html>.
There is NO WARRANTY, to the extent permitted by law.

Written by Jean-loup Gailly.
[34m[1mzip version[0m
Copyright (c) 1990-2008 Info-ZIP - Type 'zip "-L"' for software license.
This is Zip 3.0 (July 5th 2008), by Info-ZIP.
Currently maintained by E. Gordon.  Please send bug reports to
the authors using the web page at www.info-zip.org; see README for details.

Latest sources and executables are at ftp://ftp.info-zip.org/pub/infozip,
as of above date; see http://www.info-zip.org/ for other sites.

Compiled with gcc 4.8.2 for Unix (Linux ELF) on Oct 21 2013.

Zip special compilation options:
	USE_EF_UT_TIME       (store Universal Time)
	BZIP2_SUPPORT        (bzip2 library version 1.0.6, 6-Sept-2010)
	    bzip2 code and library copyright (c) Julian R Seward
	    (See the bzip2 license for terms of use)
	SYMLINK_SUPPORT      (symbolic links supported)
	LARGE_FILE_SUPPORT   (can read and write large files on file system)
	ZIP64_SUPPORT        (use Zip64 to store large files in archives)
	UNICODE_SUPPORT      (store and read UTF-8 Unicode paths)
	STORE_UNIX_UIDs_GIDs (store UID/GID sizes/values using new extra field)
	UIDGID_NOT_16BIT     (old Unix 16-bit UID/GID extra field not used)
	[encryption, version 2.91 of 05 Jan 2007] (modified for Zip 3)

Encryption notice:
	The encryption code of this program is not copyrighted and is
	put in the public domain.  It was originally written in Europe
	and, to the best of our knowledge, can be freely distributed
	in both source and object forms from any country, including
	the USA under License Exception TSU of the U.S. Export
	Administration Regulations (section 740.13(e)) of 6 June 2002.

Zip environment options:
             ZIP:  [none]
          ZIPOPT:  [none]
[34m[1mvim version[0m
VIM - Vi IMproved 7.4 (2013 Aug 10, compiled Nov 24 2016 16:43:18)
Included patches: 1-52
Extra patches: 8.0.0056
Modified by pkg-vim-maintainers@lists.alioth.debian.org
Compiled by buildd@
Huge version without GUI.  Features included (+) or not (-):
+acl             +farsi           +mouse_netterm   +syntax
+arabic          +file_in_path    +mouse_sgr       +tag_binary
+autocmd         +find_in_path    -mouse_sysmouse  +tag_old_static
-balloon_eval    +float           +mouse_urxvt     -tag_any_white
-browse          +folding         +mouse_xterm     -tcl
++builtin_terms  -footer          +multi_byte      +terminfo
+byte_offset     +fork()          +multi_lang      +termresponse
+cindent         +gettext         -mzscheme        +textobjects
-clientserver    -hangul_input    +netbeans_intg   +title
-clipboard       +iconv           +path_extra      -toolbar
+cmdline_compl   +insert_expand   -perl            +user_commands
+cmdline_hist    +jumplist        +persistent_undo +vertsplit
+cmdline_info    +keymap          +postscript      +virtualedit
+comments        +langmap         +printer         +visual
+conceal         +libcall         +profile         +visualextra
+cryptv          +linebreak       +python          +viminfo
+cscope          +lispindent      -python3         +vreplace
+cursorbind      +listcmds        +quickfix        +wildignore
+cursorshape     +localmap        +reltime         +wildmenu
+dialog_con      -lua             +rightleft       +windows
+diff            +menu            -ruby            +writebackup
+digraphs        +mksession       +scrollbind      -X11
-dnd             +modify_fname    +signs           -xfontset
-ebcdic          +mouse           +smartindent     -xim
+emacs_tags      -mouseshape      -sniff           -xsmp
+eval            +mouse_dec       +startuptime     -xterm_clipboard
+ex_extra        +mouse_gpm       +statusline      -xterm_save
+extra_search    -mouse_jsbterm   -sun_workshop    -xpm
   system vimrc file: "$VIM/vimrc"
     user vimrc file: "$HOME/.vimrc"
 2nd user vimrc file: "~/.vim/vimrc"
      user exrc file: "$HOME/.exrc"
  fall-back for $VIM: "/usr/share/vim"
Compilation: gcc -c -I. -Iproto -DHAVE_CONFIG_H     -g -O2 -fstack-protector --param=ssp-buffer-size=4 -Wformat -Werror=format-security -U_FORTIFY_SOURCE -D_FORTIFY_SOURCE=1      
Linking: gcc   -Wl,-Bsymbolic-functions -Wl,-z,relro -Wl,--as-needed -o vim        -lm -ltinfo -lnsl  -lselinux  -lacl -lattr -lgpm -ldl    -L/usr/lib/python2.7/config-x86_64-linux-gnu -lpython2.7 -lpthread -ldl -lutil -lm -Xlinker -export-dynamic -Wl,-O1 -Wl,-Bsymbolic-functions      
[34m[1miptables version[0m
iptables v1.4.21
[34m[1mcurl version[0m
curl 7.35.0 (x86_64-pc-linux-gnu) libcurl/7.35.0 OpenSSL/1.0.1f zlib/1.2.8 libidn/1.28 librtmp/2.3
[34m[1mwget version[0m
GNU Wget 1.15 built on linux-gnu.
[34m[1mrsync version[0m
rsync  version 3.1.0  protocol version 31
[34m[1mgimme version[0m
v1.2.0
[34m[1mnvm version[0m
0.33.6
[34m[1mperlbrew version[0m
/home/travis/perl5/perlbrew/bin/perlbrew  - App::perlbrew/0.80
[34m[1mphpenv version[0m
rbenv 1.1.1-25-g6aa70b6
[34m[1mrvm version[0m
rvm 1.29.3 (latest) by Michal Papis, Piotr Kuczynski, Wayne E. Seguin [https://rvm.io]
[34m[1mdefault ruby version[0m
ruby 2.4.1p111 (2017-03-22 revision 58053) [x86_64-linux]
[34m[1mCouchDB version[0m
couchdb 1.6.1
[34m[1mElasticSearch version[0m
5.5.0
[34m[1mInstalled Firefox version[0m
firefox 56.0.2
[34m[1mMongoDB version[0m
MongoDB 3.4.10
[34m[1mPhantomJS version[0m
2.1.1
[34m[1mPre-installed PostgreSQL versions[0m
9.2.24
9.3.20
9.4.15
9.5.10
9.6.6
[34m[1mRabbitMQ Version[0m
3.6.14
[34m[1mRedis version[0m
redis-server 4.0.6
[34m[1mriak version[0m
2.2.3
[34m[1mPre-installed Go versions[0m
1.7.4
[34m[1mant version[0m
Apache Ant(TM) version 1.9.3 compiled on April 8 2014
[34m[1mmvn version[0m
Apache Maven 3.5.2 (138edd61fd100ec658bfa2d307c43b76940a5d7d; 2017-10-18T07:58:13Z)
Maven home: /usr/local/maven-3.5.2
Java version: 1.8.0_151, vendor: Oracle Corporation
Java home: /usr/lib/jvm/java-8-oracle/jre
Default locale: en_US, platform encoding: UTF-8
OS name: "linux", version: "4.4.0-98-generic", arch: "amd64", family: "unix"
[34m[1mgradle version[0m

------------------------------------------------------------
Gradle 4.0.1
------------------------------------------------------------

Build time:   2017-07-07 14:02:41 UTC
Revision:     38e5dc0f772daecca1d2681885d3d85414eb6826

Groovy:       2.4.11
Ant:          Apache Ant(TM) version 1.9.6 compiled on June 29 2015
JVM:          1.8.0_151 (Oracle Corporation 25.151-b12)
OS:           Linux 4.4.0-98-generic amd64

[34m[1mlein version[0m
Leiningen 2.8.1 on Java 1.8.0_151 Java HotSpot(TM) 64-Bit Server VM
[34m[1mPre-installed Node.js versions[0m
v4.8.6
v6.12.0
v6.12.1
v8.9
v8.9.1
[34m[1mphpenv versions[0m
  system
  5.6
* 5.6.32 (set by /home/travis/.phpenv/version)
  7.0
  7.0.25
  7.1
  7.1.11
  hhvm
  hhvm-stable
[34m[1mcomposer --version[0m
Composer version 1.5.2 2017-09-11 16:59:25
[34m[1mPre-installed Ruby versions[0m
ruby-2.2.7
ruby-2.3.4
ruby-2.4.1
travis_fold:end:system_info[0K

travis_fold:start:git.checkout[0Ktravis_time:start:2d25417b[0K$ git clone --depth=50 --branch=master https://github.com/nightwatchjs/nightwatch.git nightwatchjs/nightwatch
Cloning into 'nightwatchjs/nightwatch'...
remote: Enumerating objects: 2574, done.[K
remote: Counting objects:   0% (1/2574)   [Kremote: Counting objects:   1% (26/2574)   [Kremote: Counting objects:   2% (52/2574)   [Kremote: Counting objects:   3% (78/2574)   [Kremote: Counting objects:   4% (103/2574)   [Kremote: Counting objects:   5% (129/2574)   [Kremote: Counting objects:   6% (155/2574)   [Kremote: Counting objects:   7% (181/2574)   [Kremote: Counting objects:   8% (206/2574)   [Kremote: Counting objects:   9% (232/2574)   [Kremote: Counting objects:  10% (258/2574)   [Kremote: Counting objects:  11% (284/2574)   [Kremote: Counting objects:  12% (309/2574)   [Kremote: Counting objects:  13% (335/2574)   [Kremote: Counting objects:  14% (361/2574)   [Kremote: Counting objects:  15% (387/2574)   [Kremote: Counting objects:  16% (412/2574)   [Kremote: Counting objects:  17% (438/2574)   [Kremote: Counting objects:  18% (464/2574)   [Kremote: Counting objects:  19% (490/2574)   [Kremote: Counting objects:  20% (515/2574)   [Kremote: Counting objects:  21% (541/2574)   [Kremote: Counting objects:  22% (567/2574)   [Kremote: Counting objects:  23% (593/2574)   [Kremote: Counting objects:  24% (618/2574)   [Kremote: Counting objects:  25% (644/2574)   [Kremote: Counting objects:  26% (670/2574)   [Kremote: Counting objects:  27% (695/2574)   [Kremote: Counting objects:  28% (721/2574)   [Kremote: Counting objects:  29% (747/2574)   [Kremote: Counting objects:  30% (773/2574)   [Kremote: Counting objects:  31% (798/2574)   [Kremote: Counting objects:  32% (824/2574)   [Kremote: Counting objects:  33% (850/2574)   [Kremote: Counting objects:  34% (876/2574)   [Kremote: Counting objects:  35% (901/2574)   [Kremote: Counting objects:  36% (927/2574)   [Kremote: Counting objects:  37% (953/2574)   [Kremote: Counting objects:  38% (979/2574)   [Kremote: Counting objects:  39% (1004/2574)   [Kremote: Counting objects:  40% (1030/2574)   [Kremote: Counting objects:  41% (1056/2574)   [Kremote: Counting objects:  42% (1082/2574)   [Kremote: Counting objects:  43% (1107/2574)   [Kremote: Counting objects:  44% (1133/2574)   [Kremote: Counting objects:  45% (1159/2574)   [Kremote: Counting objects:  46% (1185/2574)   [Kremote: Counting objects:  47% (1210/2574)   [Kremote: Counting objects:  48% (1236/2574)   [Kremote: Counting objects:  49% (1262/2574)   [Kremote: Counting objects:  50% (1287/2574)   [Kremote: Counting objects:  51% (1313/2574)   [Kremote: Counting objects:  52% (1339/2574)   [Kremote: Counting objects:  53% (1365/2574)   [Kremote: Counting objects:  54% (1390/2574)   [Kremote: Counting objects:  55% (1416/2574)   [Kremote: Counting objects:  56% (1442/2574)   [Kremote: Counting objects:  57% (1468/2574)   [Kremote: Counting objects:  58% (1493/2574)   [Kremote: Counting objects:  59% (1519/2574)   [Kremote: Counting objects:  60% (1545/2574)   [Kremote: Counting objects:  61% (1571/2574)   [Kremote: Counting objects:  62% (1596/2574)   [Kremote: Counting objects:  63% (1622/2574)   [Kremote: Counting objects:  64% (1648/2574)   [Kremote: Counting objects:  65% (1674/2574)   [Kremote: Counting objects:  66% (1699/2574)   [Kremote: Counting objects:  67% (1725/2574)   [Kremote: Counting objects:  68% (1751/2574)   [Kremote: Counting objects:  69% (1777/2574)   [Kremote: Counting objects:  70% (1802/2574)   [Kremote: Counting objects:  71% (1828/2574)   [Kremote: Counting objects:  72% (1854/2574)   [Kremote: Counting objects:  73% (1880/2574)   [Kremote: Counting objects:  74% (1905/2574)   [Kremote: Counting objects:  75% (1931/2574)   [Kremote: Counting objects:  76% (1957/2574)   [Kremote: Counting objects:  77% (1982/2574)   [Kremote: Counting objects:  78% (2008/2574)   [Kremote: Counting objects:  79% (2034/2574)   [Kremote: Counting objects:  80% (2060/2574)   [Kremote: Counting objects:  81% (2085/2574)   [Kremote: Counting objects:  82% (2111/2574)   [Kremote: Counting objects:  83% (2137/2574)   [Kremote: Counting objects:  84% (2163/2574)   [Kremote: Counting objects:  85% (2188/2574)   [Kremote: Counting objects:  86% (2214/2574)   [Kremote: Counting objects:  87% (2240/2574)   [Kremote: Counting objects:  88% (2266/2574)   [Kremote: Counting objects:  89% (2291/2574)   [Kremote: Counting objects:  90% (2317/2574)   [Kremote: Counting objects:  91% (2343/2574)   [Kremote: Counting objects:  92% (2369/2574)   [Kremote: Counting objects:  93% (2394/2574)   [Kremote: Counting objects:  94% (2420/2574)   [Kremote: Counting objects:  95% (2446/2574)   [Kremote: Counting objects:  96% (2472/2574)   [Kremote: Counting objects:  97% (2497/2574)   [Kremote: Counting objects:  98% (2523/2574)   [Kremote: Counting objects:  99% (2549/2574)   [Kremote: Counting objects: 100% (2574/2574)   [Kremote: Counting objects: 100% (2574/2574), done.[K
remote: Compressing objects:   0% (1/1187)   [Kremote: Compressing objects:   1% (12/1187)   [Kremote: Compressing objects:   2% (24/1187)   [Kremote: Compressing objects:   3% (36/1187)   [Kremote: Compressing objects:   4% (48/1187)   [Kremote: Compressing objects:   5% (60/1187)   [Kremote: Compressing objects:   6% (72/1187)   [Kremote: Compressing objects:   7% (84/1187)   [Kremote: Compressing objects:   8% (95/1187)   [Kremote: Compressing objects:   9% (107/1187)   [Kremote: Compressing objects:  10% (119/1187)   [Kremote: Compressing objects:  11% (131/1187)   [Kremote: Compressing objects:  12% (143/1187)   [Kremote: Compressing objects:  13% (155/1187)   [Kremote: Compressing objects:  14% (167/1187)   [Kremote: Compressing objects:  15% (179/1187)   [Kremote: Compressing objects:  16% (190/1187)   [Kremote: Compressing objects:  17% (202/1187)   [Kremote: Compressing objects:  18% (214/1187)   [Kremote: Compressing objects:  19% (226/1187)   [Kremote: Compressing objects:  20% (238/1187)   [Kremote: Compressing objects:  21% (250/1187)   [Kremote: Compressing objects:  22% (262/1187)   [Kremote: Compressing objects:  23% (274/1187)   [Kremote: Compressing objects:  24% (285/1187)   [Kremote: Compressing objects:  25% (297/1187)   [Kremote: Compressing objects:  26% (309/1187)   [Kremote: Compressing objects:  27% (321/1187)   [Kremote: Compressing objects:  28% (333/1187)   [Kremote: Compressing objects:  29% (345/1187)   [Kremote: Compressing objects:  30% (357/1187)   [Kremote: Compressing objects:  31% (368/1187)   [Kremote: Compressing objects:  32% (380/1187)   [Kremote: Compressing objects:  33% (392/1187)   [Kremote: Compressing objects:  34% (404/1187)   [Kremote: Compressing objects:  35% (416/1187)   [Kremote: Compressing objects:  36% (428/1187)   [Kremote: Compressing objects:  37% (440/1187)   [Kremote: Compressing objects:  38% (452/1187)   [Kremote: Compressing objects:  39% (463/1187)   [Kremote: Compressing objects:  40% (475/1187)   [Kremote: Compressing objects:  41% (487/1187)   [Kremote: Compressing objects:  42% (499/1187)   [Kremote: Compressing objects:  43% (511/1187)   [Kremote: Compressing objects:  44% (523/1187)   [Kremote: Compressing objects:  45% (535/1187)   [Kremote: Compressing objects:  46% (547/1187)   [Kremote: Compressing objects:  47% (558/1187)   [Kremote: Compressing objects:  48% (570/1187)   [Kremote: Compressing objects:  49% (582/1187)   [Kremote: Compressing objects:  50% (594/1187)   [Kremote: Compressing objects:  51% (606/1187)   [Kremote: Compressing objects:  52% (618/1187)   [Kremote: Compressing objects:  53% (630/1187)   [Kremote: Compressing objects:  54% (641/1187)   [Kremote: Compressing objects:  55% (653/1187)   [Kremote: Compressing objects:  56% (665/1187)   [Kremote: Compressing objects:  57% (677/1187)   [Kremote: Compressing objects:  58% (689/1187)   [Kremote: Compressing objects:  59% (701/1187)   [Kremote: Compressing objects:  60% (713/1187)   [Kremote: Compressing objects:  61% (725/1187)   [Kremote: Compressing objects:  62% (736/1187)   [Kremote: Compressing objects:  63% (748/1187)   [Kremote: Compressing objects:  64% (760/1187)   [Kremote: Compressing objects:  65% (772/1187)   [Kremote: Compressing objects:  66% (784/1187)   [Kremote: Compressing objects:  67% (796/1187)   [Kremote: Compressing objects:  68% (808/1187)   [Kremote: Compressing objects:  69% (820/1187)   [Kremote: Compressing objects:  70% (831/1187)   [Kremote: Compressing objects:  71% (843/1187)   [Kremote: Compressing objects:  72% (855/1187)   [Kremote: Compressing objects:  73% (867/1187)   [Kremote: Compressing objects:  74% (879/1187)   [Kremote: Compressing objects:  75% (891/1187)   [Kremote: Compressing objects:  76% (903/1187)   [Kremote: Compressing objects:  77% (914/1187)   [Kremote: Compressing objects:  78% (926/1187)   [Kremote: Compressing objects:  79% (938/1187)   [Kremote: Compressing objects:  80% (950/1187)   [Kremote: Compressing objects:  81% (962/1187)   [Kremote: Compressing objects:  82% (974/1187)   [Kremote: Compressing objects:  83% (986/1187)   [Kremote: Compressing objects:  84% (998/1187)   [Kremote: Compressing objects:  85% (1009/1187)   [Kremote: Compressing objects:  86% (1021/1187)   [Kremote: Compressing objects:  87% (1033/1187)   [Kremote: Compressing objects:  88% (1045/1187)   [Kremote: Compressing objects:  89% (1057/1187)   [Kremote: Compressing objects:  90% (1069/1187)   [Kremote: Compressing objects:  91% (1081/1187)   [Kremote: Compressing objects:  92% (1093/1187)   [Kremote: Compressing objects:  93% (1104/1187)   [Kremote: Compressing objects:  94% (1116/1187)   [Kremote: Compressing objects:  95% (1128/1187)   [Kremote: Compressing objects:  96% (1140/1187)   [Kremote: Compressing objects:  97% (1152/1187)   [Kremote: Compressing objects:  98% (1164/1187)   [Kremote: Compressing objects:  99% (1176/1187)   [Kremote: Compressing objects: 100% (1187/1187)   [Kremote: Compressing objects: 100% (1187/1187), done.[K
Receiving objects:   0% (1/2574)   Receiving objects:   1% (26/2574)   Receiving objects:   2% (52/2574)   Receiving objects:   3% (78/2574)   Receiving objects:   4% (103/2574)   Receiving objects:   5% (129/2574)   Receiving objects:   6% (155/2574)   Receiving objects:   7% (181/2574)   Receiving objects:   8% (206/2574)   Receiving objects:   9% (232/2574)   Receiving objects:  10% (258/2574)   Receiving objects:  11% (284/2574)   Receiving objects:  12% (309/2574)   Receiving objects:  13% (335/2574)   Receiving objects:  14% (361/2574)   Receiving objects:  15% (387/2574)   Receiving objects:  16% (412/2574)   Receiving objects:  17% (438/2574)   Receiving objects:  18% (464/2574)   Receiving objects:  19% (490/2574)   Receiving objects:  20% (515/2574)   Receiving objects:  21% (541/2574)   Receiving objects:  22% (567/2574)   Receiving objects:  23% (593/2574)   Receiving objects:  24% (618/2574)   Receiving objects:  25% (644/2574)   Receiving objects:  26% (670/2574)   Receiving objects:  27% (695/2574)   Receiving objects:  28% (721/2574)   Receiving objects:  29% (747/2574)   Receiving objects:  30% (773/2574)   Receiving objects:  31% (798/2574)   Receiving objects:  32% (824/2574)   Receiving objects:  33% (850/2574)   Receiving objects:  34% (876/2574)   Receiving objects:  35% (901/2574)   Receiving objects:  36% (927/2574)   Receiving objects:  37% (953/2574)   Receiving objects:  38% (979/2574)   Receiving objects:  39% (1004/2574)   Receiving objects:  40% (1030/2574)   Receiving objects:  41% (1056/2574)   Receiving objects:  42% (1082/2574)   Receiving objects:  43% (1107/2574)   Receiving objects:  44% (1133/2574)   Receiving objects:  45% (1159/2574)   Receiving objects:  46% (1185/2574)   Receiving objects:  47% (1210/2574)   Receiving objects:  48% (1236/2574)   Receiving objects:  49% (1262/2574)   Receiving objects:  50% (1287/2574)   Receiving objects:  51% (1313/2574)   Receiving objects:  52% (1339/2574)   Receiving objects:  53% (1365/2574)   Receiving objects:  54% (1390/2574)   Receiving objects:  55% (1416/2574)   Receiving objects:  56% (1442/2574)   Receiving objects:  57% (1468/2574)   Receiving objects:  58% (1493/2574)   Receiving objects:  59% (1519/2574)   Receiving objects:  60% (1545/2574)   Receiving objects:  61% (1571/2574)   Receiving objects:  62% (1596/2574)   Receiving objects:  63% (1622/2574)   Receiving objects:  64% (1648/2574)   Receiving objects:  65% (1674/2574), 580.00 KiB | 1.11 MiB/s   Receiving objects:  66% (1699/2574), 580.00 KiB | 1.11 MiB/s   Receiving objects:  67% (1725/2574), 580.00 KiB | 1.11 MiB/s   Receiving objects:  68% (1751/2574), 580.00 KiB | 1.11 MiB/s   Receiving objects:  69% (1777/2574), 580.00 KiB | 1.11 MiB/s   Receiving objects:  70% (1802/2574), 580.00 KiB | 1.11 MiB/s   Receiving objects:  71% (1828/2574), 580.00 KiB | 1.11 MiB/s   Receiving objects:  72% (1854/2574), 580.00 KiB | 1.11 MiB/s   Receiving objects:  73% (1880/2574), 580.00 KiB | 1.11 MiB/s   Receiving objects:  74% (1905/2574), 580.00 KiB | 1.11 MiB/s   Receiving objects:  75% (1931/2574), 580.00 KiB | 1.11 MiB/s   Receiving objects:  76% (1957/2574), 580.00 KiB | 1.11 MiB/s   Receiving objects:  77% (1982/2574), 580.00 KiB | 1.11 MiB/s   Receiving objects:  78% (2008/2574), 580.00 KiB | 1.11 MiB/s   Receiving objects:  79% (2034/2574), 580.00 KiB | 1.11 MiB/s   Receiving objects:  80% (2060/2574), 580.00 KiB | 1.11 MiB/s   Receiving objects:  81% (2085/2574), 580.00 KiB | 1.11 MiB/s   Receiving objects:  82% (2111/2574), 580.00 KiB | 1.11 MiB/s   Receiving objects:  83% (2137/2574), 580.00 KiB | 1.11 MiB/s   Receiving objects:  84% (2163/2574), 580.00 KiB | 1.11 MiB/s   Receiving objects:  85% (2188/2574), 580.00 KiB | 1.11 MiB/s   Receiving objects:  86% (2214/2574), 580.00 KiB | 1.11 MiB/s   Receiving objects:  87% (2240/2574), 580.00 KiB | 1.11 MiB/s   Receiving objects:  88% (2266/2574), 580.00 KiB | 1.11 MiB/s   Receiving objects:  89% (2291/2574), 580.00 KiB | 1.11 MiB/s   Receiving objects:  90% (2317/2574), 580.00 KiB | 1.11 MiB/s   Receiving objects:  91% (2343/2574), 580.00 KiB | 1.11 MiB/s   Receiving objects:  92% (2369/2574), 580.00 KiB | 1.11 MiB/s   Receiving objects:  93% (2394/2574), 580.00 KiB | 1.11 MiB/s   Receiving objects:  94% (2420/2574), 580.00 KiB | 1.11 MiB/s   Receiving objects:  95% (2446/2574), 580.00 KiB | 1.11 MiB/s   Receiving objects:  96% (2472/2574), 580.00 KiB | 1.11 MiB/s   Receiving objects:  97% (2497/2574), 580.00 KiB | 1.11 MiB/s   remote: Total 2574 (delta 1548), reused 2143 (delta 1315), pack-reused 0[K
Receiving objects:  98% (2523/2574), 580.00 KiB | 1.11 MiB/s   Receiving objects:  99% (2549/2574), 580.00 KiB | 1.11 MiB/s   Receiving objects: 100% (2574/2574), 580.00 KiB | 1.11 MiB/s   Receiving objects: 100% (2574/2574), 802.70 KiB | 1.27 MiB/s, done.
Resolving deltas:   0% (0/1548)   Resolving deltas:   1% (16/1548)   Resolving deltas:   2% (36/1548)   Resolving deltas:   3% (49/1548)   Resolving deltas:   4% (72/1548)   Resolving deltas:   5% (82/1548)   Resolving deltas:   6% (93/1548)   Resolving deltas:   7% (115/1548)   Resolving deltas:   8% (129/1548)   Resolving deltas:   9% (147/1548)   Resolving deltas:  10% (168/1548)   Resolving deltas:  11% (174/1548)   Resolving deltas:  12% (197/1548)   Resolving deltas:  13% (202/1548)   Resolving deltas:  14% (221/1548)   Resolving deltas:  15% (241/1548)   Resolving deltas:  16% (250/1548)   Resolving deltas:  17% (264/1548)   Resolving deltas:  18% (286/1548)   Resolving deltas:  19% (295/1548)   Resolving deltas:  21% (329/1548)   Resolving deltas:  23% (360/1548)   Resolving deltas:  24% (376/1548)   Resolving deltas:  25% (394/1548)   Resolving deltas:  26% (405/1548)   Resolving deltas:  28% (438/1548)   Resolving deltas:  29% (451/1548)   Resolving deltas:  30% (466/1548)   Resolving deltas:  31% (480/1548)   Resolving deltas:  32% (501/1548)   Resolving deltas:  33% (511/1548)   Resolving deltas:  34% (535/1548)   Resolving deltas:  37% (574/1548)   Resolving deltas:  39% (607/1548)   Resolving deltas:  40% (620/1548)   Resolving deltas:  41% (641/1548)   Resolving deltas:  42% (652/1548)   Resolving deltas:  43% (672/1548)   Resolving deltas:  44% (685/1548)   Resolving deltas:  45% (697/1548)   Resolving deltas:  46% (716/1548)   Resolving deltas:  47% (728/1548)   Resolving deltas:  48% (744/1548)   Resolving deltas:  49% (759/1548)   Resolving deltas:  50% (774/1548)   Resolving deltas:  51% (790/1548)   Resolving deltas:  52% (808/1548)   Resolving deltas:  53% (821/1548)   Resolving deltas:  54% (837/1548)   Resolving deltas:  55% (857/1548)   Resolving deltas:  56% (879/1548)   Resolving deltas:  57% (888/1548)   Resolving deltas:  58% (900/1548)   Resolving deltas:  59% (914/1548)   Resolving deltas:  60% (930/1548)   Resolving deltas:  61% (947/1548)   Resolving deltas:  62% (960/1548)   Resolving deltas:  63% (976/1548)   Resolving deltas:  64% (992/1548)   Resolving deltas:  65% (1011/1548)   Resolving deltas:  66% (1032/1548)   Resolving deltas:  67% (1042/1548)   Resolving deltas:  68% (1055/1548)   Resolving deltas:  70% (1091/1548)   Resolving deltas:  71% (1100/1548)   Resolving deltas:  72% (1115/1548)   Resolving deltas:  73% (1135/1548)   Resolving deltas:  74% (1146/1548)   Resolving deltas:  75% (1161/1548)   Resolving deltas:  76% (1182/1548)   Resolving deltas:  77% (1194/1548)   Resolving deltas:  78% (1213/1548)   Resolving deltas:  79% (1227/1548)   Resolving deltas:  80% (1244/1548)   Resolving deltas:  81% (1258/1548)   Resolving deltas:  82% (1272/1548)   Resolving deltas:  83% (1296/1548)   Resolving deltas:  84% (1308/1548)   Resolving deltas:  85% (1317/1548)   Resolving deltas:  86% (1336/1548)   Resolving deltas:  87% (1355/1548)   Resolving deltas:  88% (1363/1548)   Resolving deltas:  89% (1379/1548)   Resolving deltas:  90% (1395/1548)   Resolving deltas:  91% (1409/1548)   Resolving deltas:  92% (1429/1548)   Resolving deltas:  93% (1441/1548)   Resolving deltas:  94% (1465/1548)   Resolving deltas:  95% (1484/1548)   Resolving deltas:  96% (1489/1548)   Resolving deltas:  97% (1502/1548)   Resolving deltas:  98% (1519/1548)   Resolving deltas:  99% (1539/1548)   Resolving deltas: 100% (1548/1548)   Resolving deltas: 100% (1548/1548), done.
travis_time:end:2d25417b:start=1545166226170162978,finish=1545166227556262323,duration=1386099345[0K$ cd nightwatchjs/nightwatch
$ git checkout -qf 79ea49ece09408fb21b1d91e349e6660faeb2fba
travis_fold:end:git.checkout[0K
travis_fold:start:nvm.install[0Ktravis_time:start:002bbd18[0K$ nvm install 10
Downloading and installing node v10.14.2...
Downloading https://nodejs.org/dist/v10.14.2/node-v10.14.2-linux-x64.tar.xz...
Computing checksum with sha256sum
Checksums matched!
Now using node v10.14.2 (npm v6.4.1)
travis_time:end:002bbd18:start=1545166228560603322,finish=1545166231631184385,duration=3070581063[0Ktravis_fold:end:nvm.install[0K
$ node --version
v10.14.2
$ npm --version
6.4.1
$ nvm --version
0.33.11

travis_fold:start:install.npm[0Ktravis_time:start:06214afe[0K$ npm ci 
added 288 packages in 6.891s
travis_time:end:06214afe:start=1545166232914037743,finish=1545166240168652654,duration=7254614911[0Ktravis_fold:end:install.npm[0K
travis_fold:start:before_script[0Ktravis_time:start:1ee20878[0K$ npm install
[37;40mnpm[0m [0m[30;43mWARN[0m[35m[0m ajv-keywords@3.2.0 requires a peer of ajv@^6.0.0 but none is installed. You must install peer dependencies yourself.
[0m[37;40mnpm[0m [0m[30;43mWARN[0m[35m[0m The package mocha is included as both a dev and production dependency.
[0m
audited 2720 packages in 3.631s
found [92m0[0m vulnerabilities

travis_time:end:1ee20878:start=1545166240174022382,finish=1545166244242588757,duration=4068566375[0Ktravis_fold:end:before_script[0Ktravis_time:start:18cf4047[0K$ npm run eslint

> nightwatch@1.0.16 eslint /home/travis/build/nightwatchjs/nightwatch
> eslint . --quiet

travis_time:end:18cf4047:start=1545166244247373784,finish=1545166250223010027,duration=5975636243[0K[32;1mThe command "npm run eslint" exited with 0.[0m

travis_time:start:1216e2e6[0K$ npm test

> nightwatch@1.0.16 test /home/travis/build/nightwatchjs/nightwatch
> mocha test/src


[0m[0m
[0m  assert.attributeContains[0m
  [32m  ✓[0m[90m attributeContains assertion passed[0m
  [32m  ✓[0m[90m attributeContains assertion failed[0m
  [32m  ✓[0m[90m attributeContains assertion not found[0m
  [32m  ✓[0m[90m attributeContains assertion value attribute not found[0m

[0m  assert.attributeEquals[0m
  [32m  ✓[0m[90m attributeEquals assertion passed[0m
  [32m  ✓[0m[90m attributeEquals assertion failed[0m
  [32m  ✓[0m[90m attributeEquals assertion not found[0m
  [32m  ✓[0m[90m attributeEquals assertion value attribute not found[0m

[0m  assert.containsText[0m
  [32m  ✓[0m[90m containsText assertion passed[0m
  [32m  ✓[0m[90m containsText assertion failed[0m
  [32m  ✓[0m[90m containsText assertion not found[0m

[0m  assert.cssClassNotPresent[0m
  [32m  ✓[0m[90m cssClassNotPresent assertion passed[0m
  [32m  ✓[0m[90m cssClassNotPresent assertion failed[0m
  [32m  ✓[0m[90m cssClassNotPresent assertion not found[0m

[0m  assert.cssClassPresent[0m
  [32m  ✓[0m[90m cssClassPresent assertion passed[0m
  [32m  ✓[0m[90m cssClassPresent assertion failed[0m
  [32m  ✓[0m[90m cssClassPresent assertion not found[0m

[0m  assert.cssProperty[0m
  [32m  ✓[0m[90m cssProperty assertion passed[0m
  [32m  ✓[0m[90m cssProperty assertion failed[0m
  [32m  ✓[0m[90m cssProperty assertion not found[0m

[0m  assert.elementNotPresent[0m
  [32m  ✓[0m[90m elementNotPresent assertion passed[0m
  [32m  ✓[0m[90m elementNotPresent assertion passed when exceptions are passed[0m
  [32m  ✓[0m[90m elementNotPresent assertion failed[0m

[0m  assert.elementPresent[0m
  [32m  ✓[0m[90m elementPresent assertion passed[0m
  [32m  ✓[0m[90m elementPresent assertion failed[0m

[0m  assert.hidden[0m
  [32m  ✓[0m[90m hidden assertion passed[0m
  [32m  ✓[0m[90m hidden assertion failed[0m
  [32m  ✓[0m[90m hidden assertion not found[0m

[0m  assert.title[0m
  [32m  ✓[0m[90m title assertion passed[0m
  [32m  ✓[0m[90m title assertion failed[0m

[0m  assert.titleContains[0m
  [32m  ✓[0m[90m titleContains assertion passed[0m
  [32m  ✓[0m[90m titleContains assertion failed without value field in response[0m
  [32m  ✓[0m[90m titleContains assertion failed with empty response[0m
  [32m  ✓[0m[90m titleContains assertion failed[0m

[0m  assert.urlContains[0m
  [32m  ✓[0m[90m urlContains assertion passed[0m
  [32m  ✓[0m[90m urlContains assertion failed without value field in response[0m
  [32m  ✓[0m[90m urlContains assertion failed with empty response[0m
  [32m  ✓[0m[90m urlContains assertion failed[0m

[0m  assert.urlEquals[0m
  [32m  ✓[0m[90m urlEquals assertion passed[0m
  [32m  ✓[0m[90m urlEquals assertion failed[0m

[0m  assert.value[0m
  [32m  ✓[0m[90m value assertion passed[0m
  [32m  ✓[0m[90m value assertion failed[0m
  [32m  ✓[0m[90m value assertion not found[0m

[0m  assert.valueContains[0m
  [32m  ✓[0m[90m valueContains assertion passed[0m
  [32m  ✓[0m[90m valueContains assertion failed[0m
  [32m  ✓[0m[90m valueContains assertion element not found[0m
  [32m  ✓[0m[90m valueContains assertion stale element reference[0m
  [32m  ✓[0m[90m valueContains assertion value attribute not found[0m

[0m  assert.visible[0m
  [32m  ✓[0m[90m visible assertion passed[0m
  [32m  ✓[0m[90m visible assertion failed[0m
  [32m  ✓[0m[90m visible assertion not found[0m

[0m  clearValue[0m
  [32m  ✓[0m[90m client.clearValue()[0m[33m (68ms)[0m
  [32m  ✓[0m[90m client.clearValue() with no callback[0m
  [32m  ✓[0m[90m client.clearValue() with webdriver protocol[0m
  [32m  ✓[0m[90m client.clearValue() with webdriver protocol - element not found[0m

[0m  click[0m
  [32m  ✓[0m[90m client.click()[0m
  [32m  ✓[0m[90m client.click() with xpath[0m

[0m  getCookies[0m
  [32m  ✓[0m[90m client.getCookies()[0m
  [32m  ✓[0m[90m client.getCookies() - empty result[0m

[0m  end[0m
  [32m  ✓[0m[90m client.end();[0m
  [32m  ✓[0m[90m client.end() - no session id[0m
  [32m  ✓[0m[90m client.end() - with screenshot[0m
  [32m  ✓[0m[90m client.end() - failures and screenshots disabled[0m

[0m  getAttribute[0m
  [32m  ✓[0m[90m client.getAttribute()[0m

[0m  getCssProperty[0m
  [32m  ✓[0m[90m client.getCssProperty()[0m

[0m  getElementSize[0m
  [32m  ✓[0m[90m client.getElementSize()[0m

[0m  getLocation[0m
  [32m  ✓[0m[90m client.getLocation()[0m

[0m  getLocationInView[0m
  [32m  ✓[0m[90m client.getLocationInView()[0m

[0m  getLog[0m
  [32m  ✓[0m[90m client.getLog()[0m

[0m  getLogTypes[0m
  [32m  ✓[0m[90m client.getLogTypes()[0m

[0m  getTagName[0m
  [32m  ✓[0m[90m client.getTagName()[0m

[0m  getText[0m
  [32m  ✓[0m[90m client.getText()[0m

[0m  getTitle[0m
  [32m  ✓[0m[90m client.getTitle()[0m

[0m  getValue[0m
  [32m  ✓[0m[90m client.getValue()[0m

[0m  isLogAvailable[0m
  [32m  ✓[0m[90m client.isLogAvailable()[0m
  [32m  ✓[0m[90m client.isLogAvailable() failure[0m

[0m  isVisible[0m
  [32m  ✓[0m[90m client.isVisible()[0m

[0m  locateStrategies[0m
  [32m  ✓[0m[90m client.useXpath()[0m
  [32m  ✓[0m[90m client.useCss()[0m

[0m  maximizeWindow[0m
  [32m  ✓[0m[90m client.maximizeWindow()[0m

[0m  moveToElement[0m
  [32m  ✓[0m[90m client.moveToElement()[0m

[0m  pause[0m
  [32m  ✓[0m[90m client.pause()[0m

[0m  perform[0m
  [32m  ✓[0m[90m client.perform()[0m
  [32m  ✓[0m[90m client.perform() with async callback[0m
  [32m  ✓[0m[90m client.perform() with async callback and api param[0m

[0m  saveScreenshot[0m
  [32m  ✓[0m[90m client.saveScreenshot()[0m

[0m  setValue[0m
  [32m  ✓[0m[90m client.setValue()[0m

[0m  submitForm[0m
  [32m  ✓[0m[90m client.submitForm()[0m

[0m  waitForElementNotPresent[0m
  [32m  ✓[0m[90m client.waitForElementNotPresent() success[0m
  [32m  ✓[0m[90m client.waitForElementNotPresent() failure no abort[0m
  [32m  ✓[0m[90m client.waitForElementNotPresent() failure no abort with custom interval[0m

[0m  waitForElementNotVisible[0m
  [32m  ✓[0m[90m client.waitForElementNotVisible() success[0m
  [32m  ✓[0m[90m client.waitForElementNotVisible() failure[0m

[0m  waitForElementPresent[0m
  [32m  ✓[0m[90m client.waitForElementPresent() success[0m
  [32m  ✓[0m[90m client.waitForElementPresent() with webdriver response success[0m
  [32m  ✓[0m[90m client.waitForElementPresent() failure with custom message[0m
  [32m  ✓[0m[90m client.waitForElementPresent() failure[0m
  [32m  ✓[0m[90m client.waitForElementPresent() failure no abort[0m[31m (108ms)[0m

[0m  waitForElementVisible[0m
  [32m  ✓[0m[90m client.waitForElementVisible() failure[0m
  [32m  ✓[0m[90m client.waitForElementVisible() fail with global timeout default[0m
  [32m  ✓[0m[90m client.waitForElementVisible() fail with global timeout default and custom message[0m
  [32m  ✓[0m[90m client.waitForElementVisible() StaleElementReference error[0m
  [32m  ✓[0m[90m client.waitForElementVisible() fail with no args and global timeout not set[0m

[0m  window[0m
  [32m  ✓[0m[90m client.closeWindow()[0m
  [32m  ✓[0m[90m client.switchWindow()[0m
  [32m  ✓[0m[90m client.switchWindow() - no callback[0m
  [32m  ✓[0m[90m client.resizeWindow()[0m

[0m  test commands element selectors[0m
  [32m  ✓[0m[90m getText(<various>)[0m
  [32m  ✓[0m[90m getText(<various>) locateStrategy[0m
  [32m  ✓[0m[90m waitForElementPresent(<various>)[0m
  [32m  ✓[0m[90m waitForElementPresent(<string>) failure[0m
  [32m  ✓[0m[90m waitForElementPresent(<{selector}>) failure[0m
  [32m  ✓[0m[90m waitForElementPresent(<various>) locateStrategy[0m

[0m  test expect element selectors[0m
  [32m  ✓[0m[90m passing expect selectors[0m
  [32m  ✓[0m[90m failing expect selectors - xpath .nock[0m
  [32m  ✓[0m[90m unknown/invalid expect methods[0m
  [32m  ✓[0m[90m failing expect selectors - xpath @signUp[0m

[0m  test index in element selectors[0m
  [32m  ✓[0m[90m calling protocol.element(using, {selector, index})[0m
  [32m  ✓[0m[90m calling protocol.elements(using, {selector, index})[0m
  [32m  ✓[0m[90m calling getText(<various>, {index})[0m
  [32m  ✓[0m[90m calling waitForElementPresent(<various>, {index})[0m
  [32m  ✓[0m[90m calling waitForElementPresent(<various>, {index}) failure[0m
  [32m  ✓[0m[90m using page elements with index[0m
  [32m  ✓[0m[90m using page section elements with index[0m
  [32m  ✓[0m[90m using expect selectors with index - passing assertions[0m
  [32m  ✓[0m[90m using expect selectors with index - failing .nock[0m
  [32m  ✓[0m[90m using expect selectors with index - failing @help[0m

[0m  test page object element selectors[0m
  [32m  ✓[0m[90m page elements[0m
  [32m  ✓[0m[90m page section elements[0m[33m (55ms)[0m
  [32m  ✓[0m[90m page section elements - section element not found[0m[33m (40ms)[0m
  [32m  ✓[0m[90m page object customCommand with selector[0m
  [32m  ✓[0m[90m page object customCommand with selector called on section[0m
  [32m  ✓[0m[90m page object customAssertion with selector[0m[31m (109ms)[0m
  [32m  ✓[0m[90m page object customAssertion with selector called on section[0m
  [32m  ✓[0m[90m page object customAssertion with indexed element called on section[0m

[0m  test protocol element selectors[0m
  [32m  ✓[0m[90m protocol.element(using, {selector})[0m
  [32m  ✓[0m[90m protocol.element(using, null)[0m
  [32m  ✓[0m[90m protocol.element(using, {})[0m
  [32m  ✓[0m[90m protocol.element(using, {selector, locateStrategy})[0m
  [32m  ✓[0m[90m protocol.element(using, {locateStrategy})[0m
  [32m  ✓[0m[90m protocol.element(using, {locateStrategy=invalid})[0m
  [32m  ✓[0m[90m protocol.elements(using, {selector})[0m
  [32m  ✓[0m[90m protocol.elements(using, null)[0m
  [32m  ✓[0m[90m protocol.elements(using, {})[0m
  [32m  ✓[0m[90m protocol.elements(using, {selector, locateStrategy})[0m
  [32m  ✓[0m[90m protocol.elements(using, {locateStrategy})[0m
  [32m  ✓[0m[90m protocol.elements(using, {locateStrategy=invalid})[0m

[0m  expect.attribute[0m
  [32m  ✓[0m[90m to have attribute [PASSED][0m
  [32m  ✓[0m[90m to have attribute with waitFor [PASSED][0m
  [32m  ✓[0m[90m to have attribute with implicit waitFor [PASSED][0m
  [32m  ✓[0m[90m to have attribute with implicit and custom waitFor [PASSED][0m
  [32m  ✓[0m[90m to have attribute with waitFor [FAILED][0m[31m (105ms)[0m
  [32m  ✓[0m[90m to have attribute with implicit and custom waitFor [FAILED][0m[31m (105ms)[0m
  [32m  ✓[0m[90m to have attribute with message [PASSED][0m
  [32m  ✓[0m[90m to have attribute with message [FAILED][0m[33m (46ms)[0m
  [32m  ✓[0m[90m to have attribute [FAILED][0m[33m (45ms)[0m
  [32m  ✓[0m[90m to not have attribute [PASSED][0m
  [32m  ✓[0m[90m to not have attribute [FAILED][0m[33m (45ms)[0m
  [32m  ✓[0m[90m to have attribute - element not found[0m[33m (45ms)[0m
  [32m  ✓[0m[90m to have attribute equal to [PASSED][0m
  [32m  ✓[0m[90m to have attribute which equals [PASSED][0m
  [32m  ✓[0m[90m to have attribute equal to [FAILED][0m[33m (49ms)[0m
  [32m  ✓[0m[90m to have attribute NOT equal to [PASSED][0m
  [32m  ✓[0m[90m to have attribute NOT equal to [FAILED][0m[33m (46ms)[0m
  [32m  ✓[0m[90m to have attribute equal with waitFor [PASSED][0m
  [32m  ✓[0m[90m to have attribute equal with custom waitFor [PASSED][0m[33m (54ms)[0m
  [32m  ✓[0m[90m to have attribute equal and waitFor [FAILED] - attribute not found[0m[31m (157ms)[0m
  [32m  ✓[0m[90m to have attribute equal and custom waitFor [FAILED] - attribute not found[0m[33m (75ms)[0m
  [32m  ✓[0m[90m to have attribute equal and waitFor [FAILED] - attribute not equal[0m
  [32m  ✓[0m[90m to have attribute equal to with message [PASSED][0m
  [32m  ✓[0m[90m to have attribute equal with message [FAILED] - attribute not found[0m[33m (45ms)[0m
  [32m  ✓[0m[90m to have attribute equal with message [FAILED] - attribute not equal[0m[33m (45ms)[0m
  [32m  ✓[0m[90m to have attribute not contains [PASSED][0m
  [32m  ✓[0m[90m to have attribute which contains [PASSED][0m
  [32m  ✓[0m[90m to have attribute not contains [FAILED][0m[33m (56ms)[0m
  [32m  ✓[0m[90m to have attribute which matches [PASSED][0m
  [32m  ✓[0m[90m to have attribute not match [PASSED][0m
  [32m  ✓[0m[90m to have attribute not match [FAILED][0m[33m (47ms)[0m
  [32m  ✓[0m[90m to have attribute equal to - element not found[0m[33m (45ms)[0m
  [32m  ✓[0m[90m to have attribute contains - element not found[0m[33m (44ms)[0m
  [32m  ✓[0m[90m to have attribute match - element not found[0m[33m (45ms)[0m
  [32m  ✓[0m[90m to have attribute with waitFor - element not found[0m[31m (104ms)[0m
  [32m  ✓[0m[90m to have attribute with custom waitFor - element not found[0m[31m (105ms)[0m
  [32m  ✓[0m[90m to have attribute with waitFor - element found on retry[0m[33m (54ms)[0m
  [32m  ✓[0m[90m to have attribute with custom waitFor - element found on retry[0m[33m (54ms)[0m
  [32m  ✓[0m[90m to have attribute match - throws exception on invalid regex[0m

[0m  expect.css[0m
  [32m  ✓[0m[90m to have css property [PASSED][0m
  [32m  ✓[0m[90m to have css property with waitFor [PASSED][0m
  [32m  ✓[0m[90m to have css property with waitFor [FAILED][0m[31m (104ms)[0m
  [32m  ✓[0m[90m to have css property with message [PASSED][0m
  [32m  ✓[0m[90m to have css property with message [FAILED][0m[33m (47ms)[0m
  [32m  ✓[0m[90m to have css property [FAILED][0m[33m (45ms)[0m
  [32m  ✓[0m[90m to not have css property [PASSED][0m
  [32m  ✓[0m[90m to not have css property [FAILED][0m[33m (47ms)[0m
  [32m  ✓[0m[90m to have css property - element not found[0m[31m (106ms)[0m
  [32m  ✓[0m[90m to have css property equal to [PASSED][0m
  [32m  ✓[0m[90m to have css property which equals [PASSED][0m
  [32m  ✓[0m[90m to have css property equal to [FAILED][0m[33m (45ms)[0m
  [32m  ✓[0m[90m to have css property NOT equal to [PASSED][0m
  [32m  ✓[0m[90m to have css property NOT equal to [FAILED][0m[33m (45ms)[0m
  [32m  ✓[0m[90m to have css property equal with waitFor [PASSED][0m[33m (54ms)[0m
  [32m  ✓[0m[90m to have css property equal and waitFor [FAILED] - property not set[0m[31m (158ms)[0m
  [32m  ✓[0m[90m to have css property equal and waitFor [FAILED] - property not equal[0m
  [32m  ✓[0m[90m to have css property which contains [PASSED][0m
  [32m  ✓[0m[90m to have css property equal with message [PASSED][0m
  [32m  ✓[0m[90m to have css property equal with message [FAILED] - property not set[0m[33m (45ms)[0m
  [32m  ✓[0m[90m to have css property equal with message [FAILED] - property not equal[0m[33m (45ms)[0m
  [32m  ✓[0m[90m to have css property not contains [PASSED][0m
  [32m  ✓[0m[90m to have css property not contains [FAILED][0m[33m (45ms)[0m
  [32m  ✓[0m[90m to have css property which matches [PASSED][0m
  [32m  ✓[0m[90m to have css property not match [PASSED][0m
  [32m  ✓[0m[90m to have css property not match [FAILED][0m[33m (45ms)[0m
  [32m  ✓[0m[90m to have css property equal to - element not found[0m[33m (44ms)[0m
  [32m  ✓[0m[90m to have css property contains - element not found[0m[33m (44ms)[0m
  [32m  ✓[0m[90m to have css property with waitFor - element not found[0m[31m (104ms)[0m
  [32m  ✓[0m[90m to have css property with waitFor - element found on retry[0m[33m (53ms)[0m
  [32m  ✓[0m[90m to have css property match - element not found[0m[33m (45ms)[0m

[0m  expect.enabled[0m
  [32m  ✓[0m[90m to be enabled [PASSED][0m
  [32m  ✓[0m[90m to be enabled with waitFor [PASSED][0m
  [32m  ✓[0m[90m to be enabled with waitFor [FAILED][0m[31m (105ms)[0m
  [32m  ✓[0m[90m to be enabled [FAILED][0m[33m (54ms)[0m
  [32m  ✓[0m[90m to not be enabled [PASSED][0m
  [32m  ✓[0m[90m to not be enabled [FAILED][0m[33m (48ms)[0m
  [32m  ✓[0m[90m to be enabled - element not found[0m[33m (44ms)[0m
  [32m  ✓[0m[90m to not be enabled with waitFor [FAILED][0m[31m (155ms)[0m
  [32m  ✓[0m[90m to be enabled with waitFor - element not found[0m[31m (103ms)[0m
  [32m  ✓[0m[90m to be enabled with waitFor - element found on retry[0m[33m (53ms)[0m

[0m  expect.present[0m
  [32m  ✓[0m[90m to be present [PASSED][0m
  [32m  ✓[0m[90m to be present with waitFor [PASSED][0m
  [32m  ✓[0m[90m to be present with waitFor [FAILED][0m[31m (104ms)[0m
  [32m  ✓[0m[90m to be present [FAILED][0m[33m (44ms)[0m
  [32m  ✓[0m[90m to be present with waitFor [PASSED on retry][0m[33m (53ms)[0m
  [32m  ✓[0m[90m to not be present [FAILED][0m[33m (44ms)[0m
  [32m  ✓[0m[90m to be present - xpath via useXpath [PASSED][0m
  [32m  ✓[0m[90m to be present - xpath via argument [PASSED][0m

[0m  expect.selected[0m
  [32m  ✓[0m[90m to be selected [PASSED][0m
  [32m  ✓[0m[90m to be selected with waitFor [PASSED][0m
  [32m  ✓[0m[90m to be selected with waitFor [FAILED][0m[31m (105ms)[0m
  [32m  ✓[0m[90m to be selected [FAILED][0m[33m (44ms)[0m
  [32m  ✓[0m[90m to not be selected [PASSED][0m
  [32m  ✓[0m[90m to not be selected [FAILED][0m[33m (44ms)[0m
  [32m  ✓[0m[90m to be selected - element not found[0m[33m (44ms)[0m
  [32m  ✓[0m[90m to not be selected with waitFor [FAILED][0m[31m (156ms)[0m
  [32m  ✓[0m[90m to be selected with waitFor - element not found[0m[31m (104ms)[0m
  [32m  ✓[0m[90m to be selected with waitFor - element found on retry[0m[33m (54ms)[0m

[0m  expect.text[0m
  [32m  ✓[0m[90m text to equal [PASSED][0m
  [32m  ✓[0m[90m text to equal [FAILED][0m[33m (46ms)[0m
  [32m  ✓[0m[90m text to NOT equal [PASSED][0m
  [32m  ✓[0m[90m text to NOT equal [FAILED][0m[33m (45ms)[0m
  [32m  ✓[0m[90m text to equal with waitFor [PASSED][0m[33m (63ms)[0m
  [32m  ✓[0m[90m text to equal and waitFor [FAILED] - text not equal[0m
  [32m  ✓[0m[90m text to not equal [PASSED][0m
  [32m  ✓[0m[90m text to not equal [FAILED][0m[33m (45ms)[0m
  [32m  ✓[0m[90m text to not contain [PASSED][0m
  [32m  ✓[0m[90m text to contain [PASSED][0m
  [32m  ✓[0m[90m text to not contain [FAILED][0m[33m (45ms)[0m
  [32m  ✓[0m[90m text to match [PASSED][0m
  [32m  ✓[0m[90m text to not match [PASSED][0m
  [32m  ✓[0m[90m text to not match [FAILED][0m[33m (45ms)[0m
  [32m  ✓[0m[90m text to equal - element not found[0m[33m (47ms)[0m
  [32m  ✓[0m[90m text to contain - element not found[0m[33m (45ms)[0m
  [32m  ✓[0m[90m text to match - element not found[0m[33m (44ms)[0m
  [32m  ✓[0m[90m text to match with waitFor - element not found[0m[31m (104ms)[0m
  [32m  ✓[0m[90m text to match with waitFor - element found on retry[0m[33m (54ms)[0m
  [32m  ✓[0m[90m text to match - throws exception on invalid regex[0m[33m (57ms)[0m

[0m  expect.type[0m
  [32m  ✓[0m[90m to be [PASSED][0m
  [32m  ✓[0m[90m to be [FAILED][0m[33m (44ms)[0m
  [32m  ✓[0m[90m to not be [PASSED][0m
  [32m  ✓[0m[90m to not be - element not found[0m[33m (43ms)[0m
  [32m  ✓[0m[90m to be with message [PASSED][0m
  [32m  ✓[0m[90m to be with message [FAILED][0m[33m (44ms)[0m
  [32m  ✓[0m[90m to be with message - element not found[0m[33m (44ms)[0m
  [32m  ✓[0m[90m to be with waitFor - element not found[0m[31m (104ms)[0m
  [32m  ✓[0m[90m to be with waitFor - element found on retry[0m[33m (53ms)[0m

[0m  expect.value[0m
  [32m  ✓[0m[90m to have value equal to [PASSED][0m
  [32m  ✓[0m[90m to have value which equals [PASSED][0m
  [32m  ✓[0m[90m to have value equal to [FAILED][0m[33m (44ms)[0m
  [32m  ✓[0m[90m to have value NOT equal to [PASSED][0m
  [32m  ✓[0m[90m to have value NOT equal to [FAILED][0m[33m (44ms)[0m
  [32m  ✓[0m[90m to have value equal with waitFor [PASSED][0m[33m (53ms)[0m
  [32m  ✓[0m[90m to have value equal and waitFor [FAILED] - value not equal[0m[31m (156ms)[0m
  [32m  ✓[0m[90m to have value not equal to [PASSED][0m
  [32m  ✓[0m[90m to have value not equal to [FAILED][0m[33m (44ms)[0m
  [32m  ✓[0m[90m to have value not contains [PASSED][0m
  [32m  ✓[0m[90m to have value contains [PASSED][0m
  [32m  ✓[0m[90m to have value not contains [FAILED][0m[33m (45ms)[0m
  [32m  ✓[0m[90m to have value not match [PASSED][0m
  [32m  ✓[0m[90m to have value which matches [PASSED][0m
  [32m  ✓[0m[90m to have value not match [FAILED][0m[33m (45ms)[0m
  [32m  ✓[0m[90m to have value equal to - element not found[0m[33m (45ms)[0m
  [32m  ✓[0m[90m to have value which contains - element not found[0m[33m (44ms)[0m
  [32m  ✓[0m[90m to have value match - element not found[0m[33m (44ms)[0m
  [32m  ✓[0m[90m to have value equal to with waitFor - element not found[0m[31m (104ms)[0m
  [32m  ✓[0m[90m to have value equal with waitFor - element found on retry[0m[33m (53ms)[0m
  [32m  ✓[0m[90m to have value match - throws exception on invalid regex[0m[33m (44ms)[0m
  [32m  ✓[0m[90m to have value equal and waitFor [FAILED] - value not found[0m[31m (156ms)[0m

[0m  expect.visible[0m
  [32m  ✓[0m[90m to be visible [PASSED][0m
  [32m  ✓[0m[90m to be visible with waitFor [PASSED][0m
  [32m  ✓[0m[90m to be visible with waitFor [FAILED][0m[31m (106ms)[0m
  [32m  ✓[0m[90m to be visible [FAILED][0m[33m (46ms)[0m
  [32m  ✓[0m[90m to not be visible [PASSED][0m
  [32m  ✓[0m[90m to not be visible [FAILED][0m[33m (43ms)[0m
  [32m  ✓[0m[90m to be visible - element not found[0m[33m (45ms)[0m
  [32m  ✓[0m[90m to not be visible with waitFor [FAILED][0m
  [32m  ✓[0m[90m to not be visible with waitFor [PASSED] - element not visible on retry[0m
  [32m  ✓[0m[90m to be visible with waitFor - element not found[0m[31m (104ms)[0m
  [32m  ✓[0m[90m to be visible with waitFor - element found on retry[0m[33m (53ms)[0m

[0m  alert commands[0m
  [32m  ✓[0m[90m testAcceptAlert[0m
  [32m  ✓[0m[90m testAcceptAlert W3C WebDriver[0m
  [32m  ✓[0m[90m testDismissAlert[0m
  [32m  ✓[0m[90m testDismissAlert W3C WebDriver[0m
  [32m  ✓[0m[90m testGetAlertText[0m
  [32m  ✓[0m[90m testGetAlertText W3C WebDriver[0m
  [32m  ✓[0m[90m testSetAlertText[0m
  [32m  ✓[0m[90m testSetAlertText W3C WebDriver[0m

[0m  browser commands[0m
  [32m  ✓[0m[90m testRefresh[0m
  [32m  ✓[0m[90m testBack[0m
  [32m  ✓[0m[90m testForward[0m

[0m  context commands[0m
  [32m  ✓[0m[90m testContexts[0m
  [32m  ✓[0m[90m testCurrentContext[0m
  [32m  ✓[0m[90m testSetContext[0m

[0m  cookie commands[0m
  [32m  ✓[0m[90m testCookieGet[0m
  [32m  ✓[0m[90m testCookiePost[0m
  [32m  ✓[0m[90m testCookieDeleteAll[0m
  [32m  ✓[0m[90m testCookieDeleteOne[0m
  [32m  ✓[0m[90m testCookieErrors[0m

[0m  client.doubleClick[0m
  [32m  ✓[0m[90m testDoubleClick[0m

[0m  element W3C Webdriver actions[0m
  [32m  ✓[0m[90m test click() with W3C WebDriver[0m
  [32m  ✓[0m[90m test clearValue() with W3C WebDriver[0m

[0m  element actions[0m
  [32m  ✓[0m[90m testElement[0m
  [32m  ✓[0m[90m testElementIdElement[0m
  [32m  ✓[0m[90m testElementIdElement invalid element ID[0m
  [32m  ✓[0m[90m testElementPlural[0m
  [32m  ✓[0m[90m testElementIdElementPlural[0m
  [32m  ✓[0m[90m testElementIdElementPlural invalid element ID[0m
  [32m  ✓[0m[90m testElementActive[0m
  [32m  ✓[0m[90m testElementIdClear[0m
  [32m  ✓[0m[90m testElementIdClear invalid element ID[0m
  [32m  ✓[0m[90m testElementIdSelected[0m
  [32m  ✓[0m[90m testElementIdSelected invalid element ID[0m
  [32m  ✓[0m[90m testElementIdEnabled[0m
  [32m  ✓[0m[90m testElementIdEnabled invalid element ID[0m
  [32m  ✓[0m[90m testElementIdEquals[0m
  [32m  ✓[0m[90m testElementIdEquals invalid element ID[0m
  [32m  ✓[0m[90m testElementIdAttribute[0m
  [32m  ✓[0m[90m testElementIdAttribute invalid element ID[0m
  [32m  ✓[0m[90m testElementIdClick[0m
  [32m  ✓[0m[90m testElementIdClick invalid element ID[0m
  [32m  ✓[0m[90m testElementIdCssProperty[0m
  [32m  ✓[0m[90m testElementIdCssProperty invalid element ID[0m
  [32m  ✓[0m[90m testElementIdDisplayed[0m
  [32m  ✓[0m[90m testElementIdDisplayed invalid element ID[0m
  [32m  ✓[0m[90m testElementIdLocation[0m
  [32m  ✓[0m[90m testElementIdLocation invalid element ID[0m
  [32m  ✓[0m[90m testElementIdLocationInView[0m
  [32m  ✓[0m[90m testElementIdLocationInView invalid element ID[0m
  [32m  ✓[0m[90m testElementIdName[0m
  [32m  ✓[0m[90m testElementIdName invalid element ID[0m
  [32m  ✓[0m[90m testElementIdSize[0m
  [32m  ✓[0m[90m testElementIdSize invalid element ID[0m
  [32m  ✓[0m[90m testElementIdText[0m
  [32m  ✓[0m[90m testElementIdText invalid element ID[0m
  [32m  ✓[0m[90m testElementIdValueGet[0m
  [32m  ✓[0m[90m testElementIdValueGet invalid element ID[0m
  [32m  ✓[0m[90m testElementIdValuePost[0m
  [32m  ✓[0m[90m testElementIdValuePost invalid element ID[0m
  [32m  ✓[0m[90m testElementWithCallbackAndContext[0m

[0m  client.execute[0m
  [32m  ✓[0m[90m testExecuteString[0m
  [32m  ✓[0m[90m testExecuteString W3C WebDriver[0m
  [32m  ✓[0m[90m testExecuteFunction[0m
  [32m  ✓[0m[90m testExecuteFunctionNoArgs[0m
  [32m  ✓[0m[90m testExecuteAsyncFunction[0m
  [32m  ✓[0m[90m testExecuteAsync[0m
  [32m  ✓[0m[90m testExecuteAsync W3C WebDriver[0m

[0m  client.frame[0m
  [32m  ✓[0m[90m testFrameDefault[0m
  [32m  ✓[0m[90m testFramePost[0m
  [32m  ✓[0m[90m testFrameParent[0m

[0m  client.keys()[0m
  [32m  ✓[0m[90m testKeys[0m
  [32m  ✓[0m[90m testKeysSingle[0m
  [32m  ✓[0m[90m testKeysUnicode[0m

[0m  session log commands[0m
  [32m  ✓[0m[90m testLog[0m
  [32m  ✓[0m[90m testLogTypes[0m

[0m  client.mouseButtonClick[0m
  [32m  ✓[0m[90m test mouseButtonClick click left[0m
  [32m  ✓[0m[90m test mouseButtonClick click right[0m
  [32m  ✓[0m[90m test mouseButtonClick click middle[0m
  [32m  ✓[0m[90m test mouseButtonClick with callback only[0m
  [32m  ✓[0m[90m test mouseButtonClick with no args[0m
  [32m  ✓[0m[90m test mouseButtonDown click left[0m
  [32m  ✓[0m[90m test mouseButtonDown click middle[0m
  [32m  ✓[0m[90m test mouseButtonDown with callback only[0m
  [32m  ✓[0m[90m test mouseButtonUp click right[0m

[0m  browser commands[0m
  [32m  ✓[0m[90m testMoveTo[0m

[0m  orientation commands[0m
  [32m  ✓[0m[90m testGetOrientation[0m
  [32m  ✓[0m[90m testSetOrientation[0m
  [32m  ✓[0m[90m testSetOrientationInvalid[0m

[0m  client.screenshot[0m
  [32m  ✓[0m[90m testScreenshot[0m

[0m  session commands[0m
  [32m  ✓[0m[90m testSessions[0m
  [32m  ✓[0m[90m testSessionDefault[0m
  [32m  ✓[0m[90m testSessionGETImplicit[0m
  [32m  ✓[0m[90m testSessionGETExplicit[0m
  [32m  ✓[0m[90m testSessionGETImplicitById[0m
  [32m  ✓[0m[90m testSessionGETExplicitById[0m
  [32m  ✓[0m[90m testSessionDELETE[0m
  [32m  ✓[0m[90m testSessionDELETEWithCallback[0m
  [32m  ✓[0m[90m testSessionDELETEById[0m
  [32m  ✓[0m[90m testSessionPOST[0m

[0m  client.source[0m
  [32m  ✓[0m[90m client.source() get command[0m
  [32m  ✓[0m[90m client.source() get command callback[0m

[0m  client.status[0m
  [32m  ✓[0m[90m testStatus[0m

[0m  client.submit[0m
  [32m  ✓[0m[90m testSubmit[0m

[0m  timeouts commands[0m
  [32m  ✓[0m[90m testTimeoutsValid[0m
  [32m  ✓[0m[90m testTimeouts invalid type[0m
  [32m  ✓[0m[90m testTimeouts invalid value[0m
  [32m  ✓[0m[90m testTimeoutsAsyncScript[0m
  [32m  ✓[0m[90m testTimeoutsImplicitWait[0m

[0m  client.title[0m
  [32m  ✓[0m[90m testTitle[0m

[0m  url[0m
  [32m  ✓[0m[90m client.url() get[0m
  [32m  ✓[0m[90m client.url() new[0m
  [32m  ✓[0m[90m client.url() get with callback[0m
  [32m  ✓[0m[90m client.url() new with callback[0m

[0m  window commands[0m
  [32m  ✓[0m[90m testWindowHandle[0m
  [32m  ✓[0m[90m testWindowHandle W3C WebDriver[0m
  [32m  ✓[0m[90m testWindowHandlePlural[0m
  [32m  ✓[0m[90m testWindowHandlePlural W3C WebDriver[0m
  [32m  ✓[0m[90m testCloseWindow[0m
  [32m  ✓[0m[90m testSwitchWindow[0m
  [32m  ✓[0m[90m testSwitchWindow W3C WebDriver[0m
  [32m  ✓[0m[90m testWindowCommand[0m

[0m  windowPosition[0m
  [32m  ✓[0m[90m testWindowPositionGet without offsets and callback[0m
  [32m  ✓[0m[90m testWindowPositionErrors[0m
  [32m  ✓[0m[90m testWindowPositionGet[0m
  [32m  ✓[0m[90m testWindowPositionPost[0m

[0m  windowSize[0m
  [32m  ✓[0m[90m testWindowSizeErrors[0m
  [32m  ✓[0m[90m testWindowSizeGet[0m
  [32m  ✓[0m[90m testWindowSizePost[0m

[0m  test Assertions[0m
  [32m  ✓[0m[90m Testing assertions loaded[0m
  [32m  ✓[0m[90m Testing chai expect is loaded[0m
  [32m  ✓[0m[90m Testing passed assertion retry[0m
  [32m  ✓[0m[90m Testing failed assertion retry[0m

[0m  test Nightwatch Api[0m
  [32m  ✓[0m[90m testAddCustomAssertion[0m
  [32m  ✓[0m[90m testLoadCustomAssertionsBadFolder[0m
  [32m  ✓[0m[90m testRunCustomPerformCommand[0m
  [32m  ✓[0m[90m testRunCustomCommandDeprecated[0m
  [32m  ✓[0m[90m testRunElementCommand[0m[33m (59ms)[0m
  [32m  ✓[0m[90m testRunClientCommand[0m
  [32m  ✓[0m[90m testAddPageObjectArrayPath[0m

[0m  test PageObjectApi[0m
  [32m  ✓[0m[90m testPageObjectProperties[0m
  [32m  ✓[0m[90m testPageObjectElementsArray[0m
  [32m  ✓[0m[90m testPageObjectSubDirectory[0m
  [32m  ✓[0m[90m testPageObjectAssertionsLoaded[0m
  [32m  ✓[0m[90m testPageObjectCommandsLoaded[0m

[0m  test PageObject Commands[0m
  [32m  ✓[0m[90m testPageObjectElementCommandWithMutliArgs[0m
  [32m  ✓[0m[90m testPageObjectCallbackContext[0m
  [32m  ✓[0m[90m testPageObjectLocateStrategy[0m
  [32m  ✓[0m[90m testPageObjectElementRecursion[0m
  [32m  ✓[0m[90m testPageObjectPluralElementRecursion[0m
  [32m  ✓[0m[90m testPageObjectElementCommandSwitchLocateStrategy[0m
  [32m  ✓[0m[90m testPageObjectInvalidElementCommand[0m
  [32m  ✓[0m[90m testPageObjectPropsFunctionReturnsObject[0m
  [32m  ✓[0m[90m testSectionObjectPropsFunctionReturnsObject[0m
  [32m  ✓[0m[90m testPageObjectWithUrlChanged[0m

[0m  test PageObject Commands[0m
  [32m  ✓[0m[90m testPageObjectCustomCommands[0m
  [32m  ✓[0m[90m testPageObject - custom commands object definition[0m
  [32m  ✓[0m[90m testPageObject - error loading custom commands[0m

[0m  test Queue[0m
  [32m  ✓[0m[90m Test commands queue[0m

[0m  test Request With Credentials[0m
  [32m  ✓[0m[90m Test initialization with credentials[0m

[0m  Transport.create()[0m
  [32m  ✓[0m[90m test create Transport for Selenium3 external with Firefox[0m
  [32m  ✓[0m[90m test create Transport for Selenium3 external with Firefox - seleniumHost property[0m
  [32m  ✓[0m[90m test create Transport for Webdriver external - host property[0m
  [32m  ✓[0m[90m test create Transport for Selenium3 external with Chrome[0m
  [32m  ✓[0m[90m test create Transport for Selenium3 managed[0m
  [32m  ✓[0m[90m test create Transport for Selenium2 managed explicit version2 setting[0m
  [32m  ✓[0m[90m test create Transport for Firefox managed[0m
  [32m  ✓[0m[90m test create Transport for Chrome managed[0m
  [32m  ✓[0m[90m test create Transport for Safari managed[0m
  [32m  ✓[0m[90m test create Transport for Safari remote[0m
  [32m  ✓[0m[90m test create Transport for Chrome managed and no selenium settings[0m
  [32m  ✓[0m[90m test create Transport for WebDriver managed and no selenium settings[0m
  [32m  ✓[0m[90m test create Transport for Selenium remote cloud service with Chrome[0m
  [32m  ✓[0m[90m test create Transport for Selenium remote cloud service with MicrosoftEdge[0m

[0m  test defaultPathPrefix[0m
  [32m  ✓[0m[90m testDefaultPathPrefix[0m
  [32m  ✓[0m[90m testSetDefaultPathPrefixOption[0m
  [32m  ✓[0m[90m test set defaultPathPrefix option when already set[0m
  [32m  ✓[0m[90m testSetDefaultPathPrefixInvalidOption[0m
  [32m  ✓[0m[90m testSetDefaultPathPrefixEmptyOption[0m

[0m  test NightwatchIndex[0m
  [32m  ✓[0m[90m Test initialization[0m
  [32m  ✓[0m[90m testChromeSessionWithRedirectStatus[0m
  [32m  ✓[0m[90m test createSession on Selenium Grid with Firefox[0m
  [32m  ✓[0m[90m testSetOptions[0m
  [32m  ✓[0m[90m testSetWebdriverOptionsDefaults[0m
  [32m  ✓[0m[90m testSetWebdriverOptions[0m
  [32m  ✓[0m[90m testSetOptionsCredentials[0m
  [32m  ✓[0m[90m testSetOptionsScreenshots[0m
  [32m  ✓[0m[90m testSetOptionsScreenshotsOnError[0m
  [32m  ✓[0m[90m testSetOptionsScreenshotsThrows[0m
  [32m  ✓[0m[90m testEndSessionOnFail[0m
  [32m  ✓[0m[90m testSetRequestTimeoutOptions[0m
  [32m  ✓[0m[90m test session response with status success and no sessionId[0m
  [32m  ✓[0m[90m test runner API[0m

[0m  test HttpRequest[0m
  [32m  ✓[0m[90m testSendPostRequest[0m
  [32m  ✓[0m[90m testSendPostRequestWithCredentials[0m
  [32m  ✓[0m[90m testSendPostRequestWithProxy[0m
  [32m  ✓[0m[90m testResponseWithRedirect[0m
  [32m  ✓[0m[90m testGetRequest[0m
WARNING: loading non-allowed module: ./utils.js
  [32m  ✓[0m[90m testErrorResponse[0m
WARNING: loading non-allowed module: ./utils.js
  [32m  ✓[0m[90m testErrorResponseLocalised[0m

[0m  test HttpRequestTimeout[0m
  [32m  ✓[0m[90m testRequestTimeout[0m[33m (51ms)[0m
  [32m  ✓[0m[90m testRetryAttempts[0m[33m (54ms)[0m

[0m  Test CLI Runner[0m
  [32m  ✓[0m[90m testInitDefaults[0m[33m (63ms)[0m
  [32m  ✓[0m[90m testSetOutputFolder[0m[33m (51ms)[0m
  [32m  ✓[0m[90m testReadSettingsDeprecated[0m
  [32m  ✓[0m[90m testCustomSettingsFileAndEnvironment[0m
  [32m  ✓[0m[90m testGetTestSourceSingle[0m
  [32m  ✓[0m[90m testGetTestSourceSingleWithAbsolutePath[0m
(node:4439) MaxListenersExceededWarning: Possible EventEmitter memory leak detected. 11 exit listeners added. Use emitter.setMaxListeners() to increase limit
  [32m  ✓[0m[90m testGetTestSourceSingleWithRelativePath[0m
  [32m  ✓[0m[90m testGetTestSourceGroup[0m
(node:4439) MaxListenersExceededWarning: Possible EventEmitter memory leak detected. 11 uncaughtException listeners added. Use emitter.setMaxListeners() to increase limit
(node:4439) MaxListenersExceededWarning: Possible EventEmitter memory leak detected. 11 unhandledRejection listeners added. Use emitter.setMaxListeners() to increase limit
  [32m  ✓[0m[90m testGetTestSourceMultipleGroups[0m
  [32m  ✓[0m[90m testParseTestSettingsInvalid[0m
  [32m  ✓[0m[90m testParseTestSettingsNull[0m
  [32m  ✓[0m[90m testParseTestSettingsIncorrect[0m
  [32m  ✓[0m[90m testReadExternalGlobals[0m
  [32m  ✓[0m[90m testReadExternalGlobalsError[0m
  [32m  ✓[0m[90m testStartSeleniumDisabledPerEnvironment[0m
  [32m  ✓[0m[90m testStartSeleniumEnvironmentOverride[0m

[0m  test CLI Runner Mocha[0m
  [32m  ✓[0m[90m testRunWithMochaDefaults[0m
  [32m  ✓[0m[90m testRunWithMochaPerEnvironment[0m
  [32m  ✓[0m[90m testRunWithMochaCustomOpts[0m

[0m  test Parallel Execution[0m
  [32m  ✓[0m[90m testParallelExecution[0m[33m (60ms)[0m
  [32m  ✓[0m[90m test parallel execution with workers defaults[0m[31m (1499ms)[0m
  [32m  ✓[0m[90m testParallelExecutionSameEnv[0m[33m (45ms)[0m
  [32m  ✓[0m[90m testParallelExecutionWithWorkersAuto[0m[31m (1497ms)[0m
 [1;31mTest workers are disabled when running multiple test environments in parallel.
[0m
  [32m  ✓[0m[90m testParallelExecutionWithWorkers and multiple environments[0m
  [32m  ✓[0m[90m test parallel execution with workers count[0m[31m (593ms)[0m
  [32m  ✓[0m[90m test parallel execution with workers disabled per environment[0m
  [32m  ✓[0m[90m test parallel execution with workers and single source file[0m

[0m  test Parallel Execution Exit Code[0m
  [32m  ✓[0m[90m test parallel execution with code non zero test workers[0m[31m (589ms)[0m
  [32m  ✓[0m[90m test parallel execution with code non zero envs[0m[33m (60ms)[0m

[0m  test Mocha integration[0m

[0m[0m
[0m  Demo test with Mocha[0m
[0m    for testing purposes[0m
    [32m  ✓[0m[90m demoTestAsyncOne[0m
    [32m  ✓[0m[90m demoTestAsyncTwo[0m

[0m  Mocha tests with failures[0m
  [32m  ✓[0m[90m demoTest[0m
  [31m  1) demoTest2[0m


[92m [0m[32m 3 passing[0m[90m (525ms)[0m
[31m  1 failing[0m

[0m  1) Mocha tests with failures
       demoTest2:
[0m[31m     Error while running "elementPresent" command: Testing if element <#badElement> is present. - expected [0;32m"present"[0m but got: [0;31m"not present"[0m[0m[90m
      at Context.<anonymous> (test/mochatests/sampleWithFailures.js:16:15)
      at Runnable.run (lib/testsuite/runnable.js:123:21)
      at TestSuite.createRunnable (lib/testsuite/testsuite.js:416:33)
[0m


  [32m  ✓[0m[90m testRunMochaSampleTests[0m[31m (533ms)[0m

[0m  testReporter[0m
  [32m  ✓[0m[90m test with unknown reporter[0m
  [32m  ✓[0m[90m test with invalid reporter[0m
  [32m  ✓[0m[90m test with valid reporter[0m

[0m  testRunTestcase[0m

[0;36m[Sample] Test Suite[0m
[0;35m===================[0m
 [1;36m  Request [1;36mPOST  /wd/hub/session  [0m[0m
   { desiredCapabilities:
      { browserName: [32m'firefox'[39m,
        acceptSslCerts: [33mtrue[39m,
        platform: [32m'ANY'[39m,
        name: [32m'Sample'[39m } }
 [1;36m  Response 201 POST /wd/hub/session (4ms)[0m
   { status: [33m0[39m,
     sessionId: [32m'1352110219202'[39m,
     value:
      { browserName: [32m'firefox'[39m, version: [32m'TEST'[39m, platform: [32m'TEST'[39m },
     state: [1mnull[22m }
 [1;36mReceived session with ID: 1352110219202
[0m
 [1;37m[0;32m→[0m Running [before]:[0m
 [1;37m[0;32m���[0m Completed [before].[0m
Running:  [0;32mdemoTest[0m

 [1;37m[0;32m→[0m Running [beforeEach]:[0m
 [1;37m[0;32m→[0m Completed [beforeEach].[0m
 [1;37m
 [0;32m→[0m Running command: [1;32murl[0m ('http://localhost')[0m
 [1;36m  Request [1;36mPOST  /wd/hub/session/1352110219202/url  [0m[0m
   { url: [32m'http://localhost'[39m }
 [1;36m  Response 200 POST /wd/hub/session/1352110219202/url (1ms)[0m
{}
 [1;37m[0;32m→[0m Completed command [1;32murl[0m ('http://localhost') (1ms)[0m
 [1;37m
 [0;32m→[0m Running command: [1;32massert.elementPresent[0m ('#weblogin')[0m
 [1;37m
 [0;32m→[0m Running command: [1;32melements[0m ('css selector', '#weblogin', [Function])[0m
 [1;36m  Request [1;36mPOST  /wd/hub/session/1352110219202/elements  [0m[0m
   { using: [32m'css selector'[39m, value: [32m'#weblogin'[39m }
 [1;36m  Response 200 POST /wd/hub/session/1352110219202/elements (1ms)[0m
   { sessionId: [32m'1352110219202'[39m,
     status: [33m0[39m,
     value: [ { ELEMENT: [32m'0'[39m } ] }
[0;32m✔[0m Testing if element <#weblogin> is present.
 [1;37m[0;32m→[0m Completed command [1;32melements[0m ('css selector', '#weblogin', [Function]) (2ms)[0m
 [1;37m[0;32m→[0m Completed command [1;32massert.elementPresent[0m ('#weblogin') (5ms)[0m
 [1;37m
 [0;32m→[0m Running command: [1;32massert.elementPresent[0m ('#badElement')[0m
 [1;37m
 [0;32m→[0m Running command: [1;32melements[0m ('css selector', '#badElement', [Function])[0m
 [1;36m  Request [1;36mPOST  /wd/hub/session/1352110219202/elements  [0m[0m
   { using: [32m'css selector'[39m, value: [32m'#badElement'[39m }
 [1;36m  Response 200 POST /wd/hub/session/1352110219202/elements (2ms)[0m
   { sessionId: [32m'1352110219202'[39m, status: [33m0[39m, value: [] }
[0;32m✖[0m Testing if element <#badElement> is present. - expected [0;32m"present"[0m but got: [0;31m"not present"[0m
[0;90m    at Object.demoTest (/home/travis/build/nightwatchjs/nightwatch/test/sampletests/withfailures/sample.js:15:15)
    at Context.call (/home/travis/build/nightwatchjs/nightwatch/lib/testsuite/context.js:203:32)
    at TestCase.run (/home/travis/build/nightwatchjs/nightwatch/lib/testsuite/testcase.js:49:31)
    at Runnable.handleRunnable [as __runFn] (/home/travis/build/nightwatchjs/nightwatch/lib/testsuite/testsuite.js:349:32)
    at Runnable.run (/home/travis/build/nightwatchjs/nightwatch/lib/testsuite/runnable.js:123:21)
    at TestSuite.createRunnable (/home/travis/build/nightwatchjs/nightwatch/lib/testsuite/testsuite.js:416:33)
    at TestSuite.handleRunnable (/home/travis/build/nightwatchjs/nightwatch/lib/testsuite/testsuite.js:420:17)
    at createSession.then.then._ (/home/travis/build/nightwatchjs/nightwatch/lib/testsuite/testsuite.js:348:21)
    at process._tickCallback (internal/process/next_tick.js:68:7)[0m 

 [1;37m[0;32m→[0m Completed command [1;32melements[0m ('css selector', '#badElement', [Function]) (3ms)[0m
{     at Object.demoTest (/home/travis/build/nightwatchjs/nightwatch/test/sampletests/withfailures/sample.js:15:15)
    at Context.call (/home/travis/build/nightwatchjs/nightwatch/lib/testsuite/context.js:203:32)
    at TestCase.run (/home/travis/build/nightwatchjs/nightwatch/lib/testsuite/testcase.js:49:31)
    at Runnable.handleRunnable [as __runFn] (/home/travis/build/nightwatchjs/nightwatch/lib/testsuite/testsuite.js:349:32)
    at Runnable.run (/home/travis/build/nightwatchjs/nightwatch/lib/testsuite/runnable.js:123:21)
    at TestSuite.createRunnable (/home/travis/build/nightwatchjs/nightwatch/lib/testsuite/testsuite.js:416:33)
    at TestSuite.handleRunnable (/home/travis/build/nightwatchjs/nightwatch/lib/testsuite/testsuite.js:420:17)
    at createSession.then.then._ (/home/travis/build/nightwatchjs/nightwatch/lib/testsuite/testsuite.js:348:21)
    at process._tickCallback (internal/process/next_tick.js:68:7)
  message:
   [32m'Error while running "elementPresent" command: Testing if element <#badElement> is present. - expected \u001b[0;32m"present"\u001b[0m but got: \u001b[0;31m"not present"\u001b[0m'[39m,
  showDiff: [33mfalse[39m,
  abortOnFailure: [33mtrue[39m }
 [1;37m[0;32m→[0m Completed command [1;32massert.elementPresent[0m ('#badElement') (4ms)[0m
 [1;37m[0;32m→[0m Running [afterEach]:[0m
 [1;37m[0;32m→[0m Completed [afterEach].[0m

[0;31mFAILED:[0m [0;31m1[0m assertions failed and  [0;32m1[0m passed (13ms)
Running:  [0;32mdemoTest2[0m

 [1;37m[0;32m→[0m Running [beforeEach]:[0m
 [1;37m[0;32m→[0m Completed [beforeEach].[0m
 [1;37m
 [0;32m→[0m Running command: [1;32murl[0m ('http://localhost')[0m
 [1;36m  Request [1;36mPOST  /wd/hub/session/1352110219202/url  [0m[0m
   { url: [32m'http://localhost'[39m }
 [1;36m  Response 200 POST /wd/hub/session/1352110219202/url (1ms)[0m
{}
 [1;37m[0;32m→[0m Completed command [1;32murl[0m ('http://localhost') (2ms)[0m
 [1;37m
 [0;32m→[0m Running command: [1;32massert.elementPresent[0m ('#weblogin')[0m
 [1;37m
 [0;32m→[0m Running command: [1;32melements[0m ('css selector', '#weblogin', [Function])[0m
 [1;36m  Request [1;36mPOST  /wd/hub/session/1352110219202/elements  [0m[0m
   { using: [32m'css selector'[39m, value: [32m'#weblogin'[39m }
 [1;36m  Response 200 POST /wd/hub/session/1352110219202/elements (2ms)[0m
   { sessionId: [32m'1352110219202'[39m,
     status: [33m0[39m,
     value: [ { ELEMENT: [32m'0'[39m } ] }
[0;32m✔[0m Testing if element <#weblogin> is present.
 [1;37m[0;32m→[0m Completed command [1;32melements[0m ('css selector', '#weblogin', [Function]) (2ms)[0m
 [1;37m[0;32m→[0m Completed command [1;32massert.elementPresent[0m ('#weblogin') (3ms)[0m
 [1;37m
 [0;32m→[0m Running command: [1;32massert.elementPresent[0m ('#badElement')[0m
 [1;37m
 [0;32m→[0m Running command: [1;32melements[0m ('css selector', '#badElement', [Function])[0m
 [1;36m  Request [1;36mPOST  /wd/hub/session/1352110219202/elements  [0m[0m
   { using: [32m'css selector'[39m, value: [32m'#badElement'[39m }
 [1;36m  Response 200 POST /wd/hub/session/1352110219202/elements (1ms)[0m
   { sessionId: [32m'1352110219202'[39m, status: [33m0[39m, value: [] }
[0;32m✖[0m Testing if element <#badElement> is present. - expected [0;32m"present"[0m but got: [0;31m"not present"[0m
[0;90m    at Object.demoTest2 (/home/travis/build/nightwatchjs/nightwatch/test/sampletests/withfailures/sample.js:23:15)
    at Context.call (/home/travis/build/nightwatchjs/nightwatch/lib/testsuite/context.js:203:32)
    at TestCase.run (/home/travis/build/nightwatchjs/nightwatch/lib/testsuite/testcase.js:49:31)
    at Runnable.handleRunnable [as __runFn] (/home/travis/build/nightwatchjs/nightwatch/lib/testsuite/testsuite.js:349:32)
    at Runnable.run (/home/travis/build/nightwatchjs/nightwatch/lib/testsuite/runnable.js:123:21)
    at TestSuite.createRunnable (/home/travis/build/nightwatchjs/nightwatch/lib/testsuite/testsuite.js:416:33)
    at TestSuite.handleRunnable (/home/travis/build/nightwatchjs/nightwatch/lib/testsuite/testsuite.js:420:17)
    at createSession.then.then._ (/home/travis/build/nightwatchjs/nightwatch/lib/testsuite/testsuite.js:348:21)
    at process._tickCallback (internal/process/next_tick.js:68:7)[0m 

 [1;37m[0;32m→[0m Completed command [1;32melements[0m ('css selector', '#badElement', [Function]) (2ms)[0m
{     at Object.demoTest2 (/home/travis/build/nightwatchjs/nightwatch/test/sampletests/withfailures/sample.js:23:15)
    at Context.call (/home/travis/build/nightwatchjs/nightwatch/lib/testsuite/context.js:203:32)
    at TestCase.run (/home/travis/build/nightwatchjs/nightwatch/lib/testsuite/testcase.js:49:31)
    at Runnable.handleRunnable [as __runFn] (/home/travis/build/nightwatchjs/nightwatch/lib/testsuite/testsuite.js:349:32)
    at Runnable.run (/home/travis/build/nightwatchjs/nightwatch/lib/testsuite/runnable.js:123:21)
    at TestSuite.createRunnable (/home/travis/build/nightwatchjs/nightwatch/lib/testsuite/testsuite.js:416:33)
    at TestSuite.handleRunnable (/home/travis/build/nightwatchjs/nightwatch/lib/testsuite/testsuite.js:420:17)
    at createSession.then.then._ (/home/travis/build/nightwatchjs/nightwatch/lib/testsuite/testsuite.js:348:21)
    at process._tickCallback (internal/process/next_tick.js:68:7)
  message:
   [32m'Error while running "elementPresent" command: Testing if element <#badElement> is present. - expected \u001b[0;32m"present"\u001b[0m but got: \u001b[0;31m"not present"\u001b[0m'[39m,
  showDiff: [33mfalse[39m,
  abortOnFailure: [33mtrue[39m }
 [1;37m[0;32m→[0m Completed command [1;32massert.elementPresent[0m ('#badElement') (4ms)[0m
 [1;37m[0;32m→[0m Running [afterEach]:[0m
 [1;37m[0;32m→[0m Completed [afterEach].[0m

[0;31mFAILED:[0m [0;31m1[0m assertions failed and  [0;32m1[0m passed (10ms)
 [1;37m[0;32m→[0m Running [after]:[0m
 [1;37m[0;32m→[0m Completed [after].[0m
 [1;37m
 [0;32m→[0m Running command: [1;32mend[0m ([Function])[0m
 [1;37m
 [0;32m→[0m Running command: [1;32msession[0m ('delete', [Function])[0m
 [1;36m  Request [1;36mDELETE  /wd/hub/session/1352110219202  [0m[0m
 [1;36m  Response 200 DELETE /wd/hub/session/1352110219202 (1ms)[0m
   { status: [33m0[39m, state: [32m'success'[39m }
 [1;37m[0;32m→[0m Completed command [1;32mend[0m ([Function]) (3ms)[0m
 [1;37m[0;32m→[0m Completed command [1;32msession[0m ('delete', [Function]) (2ms)[0m
[1;31m_________________________________________________[0m

[1;31mTEST FAILURE:[0m  [0;31m2[0m assertions failed, [0;32m2[0m passed. 41ms

[0;31m ✖ sample[0m
 – [0;90mdemoTest[0m [1;33m(13ms)[0m
[0;31m   Testing if element <#badElement> is present. - expected [0;32m"present"[0m but got: [0;31m"not present"[0m[0m
[0;90m       at Object.demoTest (/home/travis/build/nightwatchjs/nightwatch/test/sampletests/withfailures/sample.js:15:15)
       at Context.call (/home/travis/build/nightwatchjs/nightwatch/lib/testsuite/context.js:203:32)
       at TestCase.run (/home/travis/build/nightwatchjs/nightwatch/lib/testsuite/testcase.js:49:31)
       at Runnable.handleRunnable [as __runFn] (/home/travis/build/nightwatchjs/nightwatch/lib/testsuite/testsuite.js:349:32)
       at Runnable.run (/home/travis/build/nightwatchjs/nightwatch/lib/testsuite/runnable.js:123:21)
       at TestSuite.createRunnable (/home/travis/build/nightwatchjs/nightwatch/lib/testsuite/testsuite.js:416:33)
       at TestSuite.handleRunnable (/home/travis/build/nightwatchjs/nightwatch/lib/testsuite/testsuite.js:420:17)
       at createSession.then.then._ (/home/travis/build/nightwatchjs/nightwatch/lib/testsuite/testsuite.js:348:21)
       at process._tickCallback (internal/process/next_tick.js:68:7)[0m
 – [0;90mdemoTest2[0m [1;33m(10ms)[0m
[0;31m   Testing if element <#badElement> is present. - expected [0;32m"present"[0m but got: [0;31m"not present"[0m[0m
[0;90m       at Object.demoTest2 (/home/travis/build/nightwatchjs/nightwatch/test/sampletests/withfailures/sample.js:23:15)
       at Context.call (/home/travis/build/nightwatchjs/nightwatch/lib/testsuite/context.js:203:32)
       at TestCase.run (/home/travis/build/nightwatchjs/nightwatch/lib/testsuite/testcase.js:49:31)
       at Runnable.handleRunnable [as __runFn] (/home/travis/build/nightwatchjs/nightwatch/lib/testsuite/testsuite.js:349:32)
       at Runnable.run (/home/travis/build/nightwatchjs/nightwatch/lib/testsuite/runnable.js:123:21)
       at TestSuite.createRunnable (/home/travis/build/nightwatchjs/nightwatch/lib/testsuite/testsuite.js:416:33)
       at TestSuite.handleRunnable (/home/travis/build/nightwatchjs/nightwatch/lib/testsuite/testsuite.js:420:17)
       at createSession.then.then._ (/home/travis/build/nightwatchjs/nightwatch/lib/testsuite/testsuite.js:348:21)
       at process._tickCallback (internal/process/next_tick.js:68:7)[0m

  [32m  ✓[0m[90m testRunner with skip_testcases_on_fail=false[0m[33m (44ms)[0m
{     at Object.demoTest (/home/travis/build/nightwatchjs/nightwatch/test/sampletests/withfailures/sample.js:15:15)
    at Context.call (/home/travis/build/nightwatchjs/nightwatch/lib/testsuite/context.js:203:32)
    at TestCase.run (/home/travis/build/nightwatchjs/nightwatch/lib/testsuite/testcase.js:49:31)
    at Runnable.handleRunnable [as __runFn] (/home/travis/build/nightwatchjs/nightwatch/lib/testsuite/testsuite.js:349:32)
    at Runnable.run (/home/travis/build/nightwatchjs/nightwatch/lib/testsuite/runnable.js:123:21)
    at TestSuite.createRunnable (/home/travis/build/nightwatchjs/nightwatch/lib/testsuite/testsuite.js:416:33)
    at TestSuite.handleRunnable (/home/travis/build/nightwatchjs/nightwatch/lib/testsuite/testsuite.js:420:17)
    at createSession.then.then._ (/home/travis/build/nightwatchjs/nightwatch/lib/testsuite/testsuite.js:348:21)
    at process._tickCallback (internal/process/next_tick.js:68:7)
  message:
   [32m'Error while running "elementPresent" command: Testing if element <#badElement> is present. - expected \u001b[0;32m"present"\u001b[0m but got: \u001b[0;31m"not present"\u001b[0m'[39m,
  showDiff: [33mfalse[39m,
  abortOnFailure: [33mtrue[39m }
  [32m  ✓[0m[90m testRunner with skip_testcases_on_fail=true (default)[0m[33m (46ms)[0m
  [32m  ✓[0m[90m testRunner with --testcase argument[0m[33m (40ms)[0m
  [32m  ✓[0m[90m testRunner with invalid --testcase argument[0m
  [32m  ✓[0m[90m testRunCurrentTestName[0m
  [32m  ✓[0m[90m currentTest in afterEach hook[0m[33m (58ms)[0m
{     at Object.demoTest (/home/travis/build/nightwatchjs/nightwatch/test/sampletests/withfailures/sample.js:15:15)
    at Context.call (/home/travis/build/nightwatchjs/nightwatch/lib/testsuite/context.js:203:32)
    at TestCase.run (/home/travis/build/nightwatchjs/nightwatch/lib/testsuite/testcase.js:49:31)
    at Runnable.handleRunnable [as __runFn] (/home/travis/build/nightwatchjs/nightwatch/lib/testsuite/testsuite.js:349:32)
    at Runnable.run (/home/travis/build/nightwatchjs/nightwatch/lib/testsuite/runnable.js:123:21)
    at TestSuite.createRunnable (/home/travis/build/nightwatchjs/nightwatch/lib/testsuite/testsuite.js:416:33)
    at TestSuite.handleRunnable (/home/travis/build/nightwatchjs/nightwatch/lib/testsuite/testsuite.js:420:17)
    at createSession.then.then._ (/home/travis/build/nightwatchjs/nightwatch/lib/testsuite/testsuite.js:348:21)
    at process._tickCallback (internal/process/next_tick.js:68:7)
  message:
   [32m'Error while running "elementPresent" command: Testing if element <#badElement> is present. - expected \u001b[0;32m"present"\u001b[0m but got: \u001b[0;31m"not present"\u001b[0m'[39m,
  showDiff: [33mfalse[39m,
  abortOnFailure: [33mtrue[39m }
{     at Object.demoTest (/home/travis/build/nightwatchjs/nightwatch/test/sampletests/withfailures/sample.js:15:15)
    at Context.call (/home/travis/build/nightwatchjs/nightwatch/lib/testsuite/context.js:203:32)
    at TestCase.run (/home/travis/build/nightwatchjs/nightwatch/lib/testsuite/testcase.js:49:31)
    at Runnable.handleRunnable [as __runFn] (/home/travis/build/nightwatchjs/nightwatch/lib/testsuite/testsuite.js:349:32)
    at Runnable.run (/home/travis/build/nightwatchjs/nightwatch/lib/testsuite/runnable.js:123:21)
    at TestSuite.createRunnable (/home/travis/build/nightwatchjs/nightwatch/lib/testsuite/testsuite.js:416:33)
    at TestSuite.handleRunnable (/home/travis/build/nightwatchjs/nightwatch/lib/testsuite/testsuite.js:420:17)
    at createSession.then.then._ (/home/travis/build/nightwatchjs/nightwatch/lib/testsuite/testsuite.js:348:21)
    at process._tickCallback (internal/process/next_tick.js:68:7)
  message:
   [32m'Error while running "elementPresent" command: Testing if element <#badElement> is present. - expected \u001b[0;32m"present"\u001b[0m but got: \u001b[0;31m"not present"\u001b[0m'[39m,
  showDiff: [33mfalse[39m,
  abortOnFailure: [33mtrue[39m }
  [32m  ✓[0m[90m testRunner with retries[0m[31m (132ms)[0m
{     at Object.demoTest (/home/travis/build/nightwatchjs/nightwatch/test/sampletests/withfailures/sample.js:15:15)
    at Context.call (/home/travis/build/nightwatchjs/nightwatch/lib/testsuite/context.js:203:32)
    at TestCase.run (/home/travis/build/nightwatchjs/nightwatch/lib/testsuite/testcase.js:49:31)
    at Runnable.handleRunnable [as __runFn] (/home/travis/build/nightwatchjs/nightwatch/lib/testsuite/testsuite.js:349:32)
    at Runnable.run (/home/travis/build/nightwatchjs/nightwatch/lib/testsuite/runnable.js:123:21)
    at TestSuite.createRunnable (/home/travis/build/nightwatchjs/nightwatch/lib/testsuite/testsuite.js:416:33)
    at TestSuite.handleRunnable (/home/travis/build/nightwatchjs/nightwatch/lib/testsuite/testsuite.js:420:17)
    at createSession.then.then._ (/home/travis/build/nightwatchjs/nightwatch/lib/testsuite/testsuite.js:348:21)
    at process._tickCallback (internal/process/next_tick.js:68:7)
  message:
   [32m'Error while running "elementPresent" command: Testing if element <#badElement> is present. - expected \u001b[0;32m"present"\u001b[0m but got: \u001b[0;31m"not present"\u001b[0m'[39m,
  showDiff: [33mfalse[39m,
  abortOnFailure: [33mtrue[39m }
{     at Object.demoTest (/home/travis/build/nightwatchjs/nightwatch/test/sampletests/withfailures/sample.js:15:15)
    at Context.call (/home/travis/build/nightwatchjs/nightwatch/lib/testsuite/context.js:203:32)
    at TestCase.run (/home/travis/build/nightwatchjs/nightwatch/lib/testsuite/testcase.js:49:31)
    at Runnable.handleRunnable [as __runFn] (/home/travis/build/nightwatchjs/nightwatch/lib/testsuite/testsuite.js:349:32)
    at Runnable.run (/home/travis/build/nightwatchjs/nightwatch/lib/testsuite/runnable.js:123:21)
    at TestSuite.createRunnable (/home/travis/build/nightwatchjs/nightwatch/lib/testsuite/testsuite.js:416:33)
    at TestSuite.handleRunnable (/home/travis/build/nightwatchjs/nightwatch/lib/testsuite/testsuite.js:420:17)
    at createSession.then.then._ (/home/travis/build/nightwatchjs/nightwatch/lib/testsuite/testsuite.js:348:21)
    at process._tickCallback (internal/process/next_tick.js:68:7)
  message:
   [32m'Error while running "elementPresent" command: Testing if element <#badElement> is present. - expected \u001b[0;32m"present"\u001b[0m but got: \u001b[0;31m"not present"\u001b[0m'[39m,
  showDiff: [33mfalse[39m,
  abortOnFailure: [33mtrue[39m }
{     at Object.demoTest2 (/home/travis/build/nightwatchjs/nightwatch/test/sampletests/withfailures/sample.js:23:15)
    at Context.call (/home/travis/build/nightwatchjs/nightwatch/lib/testsuite/context.js:203:32)
    at TestCase.run (/home/travis/build/nightwatchjs/nightwatch/lib/testsuite/testcase.js:49:31)
    at Runnable.handleRunnable [as __runFn] (/home/travis/build/nightwatchjs/nightwatch/lib/testsuite/testsuite.js:349:32)
    at Runnable.run (/home/travis/build/nightwatchjs/nightwatch/lib/testsuite/runnable.js:123:21)
    at TestSuite.createRunnable (/home/travis/build/nightwatchjs/nightwatch/lib/testsuite/testsuite.js:416:33)
    at TestSuite.handleRunnable (/home/travis/build/nightwatchjs/nightwatch/lib/testsuite/testsuite.js:420:17)
    at createSession.then.then._ (/home/travis/build/nightwatchjs/nightwatch/lib/testsuite/testsuite.js:348:21)
    at process._tickCallback (internal/process/next_tick.js:68:7)
  message:
   [32m'Error while running "elementPresent" command: Testing if element <#badElement> is present. - expected \u001b[0;32m"present"\u001b[0m but got: \u001b[0;31m"not present"\u001b[0m'[39m,
  showDiff: [33mfalse[39m,
  abortOnFailure: [33mtrue[39m }
{     at Object.demoTest2 (/home/travis/build/nightwatchjs/nightwatch/test/sampletests/withfailures/sample.js:23:15)
    at Context.call (/home/travis/build/nightwatchjs/nightwatch/lib/testsuite/context.js:203:32)
    at TestCase.run (/home/travis/build/nightwatchjs/nightwatch/lib/testsuite/testcase.js:49:31)
    at Runnable.handleRunnable [as __runFn] (/home/travis/build/nightwatchjs/nightwatch/lib/testsuite/testsuite.js:349:32)
    at Runnable.run (/home/travis/build/nightwatchjs/nightwatch/lib/testsuite/runnable.js:123:21)
    at TestSuite.createRunnable (/home/travis/build/nightwatchjs/nightwatch/lib/testsuite/testsuite.js:416:33)
    at TestSuite.handleRunnable (/home/travis/build/nightwatchjs/nightwatch/lib/testsuite/testsuite.js:420:17)
    at createSession.then.then._ (/home/travis/build/nightwatchjs/nightwatch/lib/testsuite/testsuite.js:348:21)
    at process._tickCallback (internal/process/next_tick.js:68:7)
  message:
   [32m'Error while running "elementPresent" command: Testing if element <#badElement> is present. - expected \u001b[0;32m"present"\u001b[0m but got: \u001b[0;31m"not present"\u001b[0m'[39m,
  showDiff: [33mfalse[39m,
  abortOnFailure: [33mtrue[39m }
  [32m  ✓[0m[90m testRunner with retries and skip_testcases_on_fail=false[0m[33m (63ms)[0m

[0m  testRunTestSuite[0m
{     at Object.demoTest (/home/travis/build/nightwatchjs/nightwatch/test/sampletests/withfailures/sample.js:15:15)
    at Context.call (/home/travis/build/nightwatchjs/nightwatch/lib/testsuite/context.js:203:32)
    at TestCase.run (/home/travis/build/nightwatchjs/nightwatch/lib/testsuite/testcase.js:49:31)
    at Runnable.handleRunnable [as __runFn] (/home/travis/build/nightwatchjs/nightwatch/lib/testsuite/testsuite.js:349:32)
    at Runnable.run (/home/travis/build/nightwatchjs/nightwatch/lib/testsuite/runnable.js:123:21)
    at TestSuite.createRunnable (/home/travis/build/nightwatchjs/nightwatch/lib/testsuite/testsuite.js:416:33)
    at TestSuite.handleRunnable (/home/travis/build/nightwatchjs/nightwatch/lib/testsuite/testsuite.js:420:17)
    at createSession.then.then._ (/home/travis/build/nightwatchjs/nightwatch/lib/testsuite/testsuite.js:348:21)
    at process._tickCallback (internal/process/next_tick.js:68:7)
  message:
   [32m'Error while running "elementPresent" command: Testing if element <#badElement> is present. - expected \u001b[0;32m"present"\u001b[0m but got: \u001b[0;31m"not present"\u001b[0m'[39m,
  showDiff: [33mfalse[39m,
  abortOnFailure: [33mtrue[39m }
{     at Object.demoTest (/home/travis/build/nightwatchjs/nightwatch/test/sampletests/withfailures/sample.js:15:15)
    at Context.call (/home/travis/build/nightwatchjs/nightwatch/lib/testsuite/context.js:203:32)
    at TestCase.run (/home/travis/build/nightwatchjs/nightwatch/lib/testsuite/testcase.js:49:31)
    at Runnable.handleRunnable [as __runFn] (/home/travis/build/nightwatchjs/nightwatch/lib/testsuite/testsuite.js:349:32)
    at Runnable.run (/home/travis/build/nightwatchjs/nightwatch/lib/testsuite/runnable.js:123:21)
    at TestSuite.createRunnable (/home/travis/build/nightwatchjs/nightwatch/lib/testsuite/testsuite.js:416:33)
    at TestSuite.handleRunnable (/home/travis/build/nightwatchjs/nightwatch/lib/testsuite/testsuite.js:420:17)
    at createSession.then.then._ (/home/travis/build/nightwatchjs/nightwatch/lib/testsuite/testsuite.js:348:21)
    at process._tickCallback (internal/process/next_tick.js:68:7)
  message:
   [32m'Error while running "elementPresent" command: Testing if element <#badElement> is present. - expected \u001b[0;32m"present"\u001b[0m but got: \u001b[0;31m"not present"\u001b[0m'[39m,
  showDiff: [33mfalse[39m,
  abortOnFailure: [33mtrue[39m }
  [32m  ✓[0m[90m testRunner with suiteRetries[0m[33m (69ms)[0m
{     at Object.demoTest (/home/travis/build/nightwatchjs/nightwatch/test/sampletests/withfailures/sample.js:15:15)
    at Context.call (/home/travis/build/nightwatchjs/nightwatch/lib/testsuite/context.js:203:32)
    at TestCase.run (/home/travis/build/nightwatchjs/nightwatch/lib/testsuite/testcase.js:49:31)
    at Runnable.handleRunnable [as __runFn] (/home/travis/build/nightwatchjs/nightwatch/lib/testsuite/testsuite.js:349:32)
    at Runnable.run (/home/travis/build/nightwatchjs/nightwatch/lib/testsuite/runnable.js:123:21)
    at TestSuite.createRunnable (/home/travis/build/nightwatchjs/nightwatch/lib/testsuite/testsuite.js:416:33)
    at TestSuite.handleRunnable (/home/travis/build/nightwatchjs/nightwatch/lib/testsuite/testsuite.js:420:17)
    at createSession.then.then._ (/home/travis/build/nightwatchjs/nightwatch/lib/testsuite/testsuite.js:348:21)
    at process._tickCallback (internal/process/next_tick.js:68:7)
  message:
   [32m'Error while running "elementPresent" command: Testing if element <#badElement> is present. - expected \u001b[0;32m"present"\u001b[0m but got: \u001b[0;31m"not present"\u001b[0m'[39m,
  showDiff: [33mfalse[39m,
  abortOnFailure: [33mtrue[39m }
{     at Object.demoTest2 (/home/travis/build/nightwatchjs/nightwatch/test/sampletests/withfailures/sample.js:23:15)
    at Context.call (/home/travis/build/nightwatchjs/nightwatch/lib/testsuite/context.js:203:32)
    at TestCase.run (/home/travis/build/nightwatchjs/nightwatch/lib/testsuite/testcase.js:49:31)
    at Runnable.handleRunnable [as __runFn] (/home/travis/build/nightwatchjs/nightwatch/lib/testsuite/testsuite.js:349:32)
    at Runnable.run (/home/travis/build/nightwatchjs/nightwatch/lib/testsuite/runnable.js:123:21)
    at TestSuite.createRunnable (/home/travis/build/nightwatchjs/nightwatch/lib/testsuite/testsuite.js:416:33)
    at TestSuite.handleRunnable (/home/travis/build/nightwatchjs/nightwatch/lib/testsuite/testsuite.js:420:17)
    at createSession.then.then._ (/home/travis/build/nightwatchjs/nightwatch/lib/testsuite/testsuite.js:348:21)
    at process._tickCallback (internal/process/next_tick.js:68:7)
  message:
   [32m'Error while running "elementPresent" command: Testing if element <#badElement> is present. - expected \u001b[0;32m"present"\u001b[0m but got: \u001b[0;31m"not present"\u001b[0m'[39m,
  showDiff: [33mfalse[39m,
  abortOnFailure: [33mtrue[39m }
{     at Object.demoTest (/home/travis/build/nightwatchjs/nightwatch/test/sampletests/withfailures/sample.js:15:15)
    at Context.call (/home/travis/build/nightwatchjs/nightwatch/lib/testsuite/context.js:203:32)
    at TestCase.run (/home/travis/build/nightwatchjs/nightwatch/lib/testsuite/testcase.js:49:31)
    at Runnable.handleRunnable [as __runFn] (/home/travis/build/nightwatchjs/nightwatch/lib/testsuite/testsuite.js:349:32)
    at Runnable.run (/home/travis/build/nightwatchjs/nightwatch/lib/testsuite/runnable.js:123:21)
    at TestSuite.createRunnable (/home/travis/build/nightwatchjs/nightwatch/lib/testsuite/testsuite.js:416:33)
    at TestSuite.handleRunnable (/home/travis/build/nightwatchjs/nightwatch/lib/testsuite/testsuite.js:420:17)
    at createSession.then.then._ (/home/travis/build/nightwatchjs/nightwatch/lib/testsuite/testsuite.js:348:21)
    at process._tickCallback (internal/process/next_tick.js:68:7)
  message:
   [32m'Error while running "elementPresent" command: Testing if element <#badElement> is present. - expected \u001b[0;32m"present"\u001b[0m but got: \u001b[0;31m"not present"\u001b[0m'[39m,
  showDiff: [33mfalse[39m,
  abortOnFailure: [33mtrue[39m }
{     at Object.demoTest2 (/home/travis/build/nightwatchjs/nightwatch/test/sampletests/withfailures/sample.js:23:15)
    at Context.call (/home/travis/build/nightwatchjs/nightwatch/lib/testsuite/context.js:203:32)
    at TestCase.run (/home/travis/build/nightwatchjs/nightwatch/lib/testsuite/testcase.js:49:31)
    at Runnable.handleRunnable [as __runFn] (/home/travis/build/nightwatchjs/nightwatch/lib/testsuite/testsuite.js:349:32)
    at Runnable.run (/home/travis/build/nightwatchjs/nightwatch/lib/testsuite/runnable.js:123:21)
    at TestSuite.createRunnable (/home/travis/build/nightwatchjs/nightwatch/lib/testsuite/testsuite.js:416:33)
    at TestSuite.handleRunnable (/home/travis/build/nightwatchjs/nightwatch/lib/testsuite/testsuite.js:420:17)
    at createSession.then.then._ (/home/travis/build/nightwatchjs/nightwatch/lib/testsuite/testsuite.js:348:21)
    at process._tickCallback (internal/process/next_tick.js:68:7)
  message:
   [32m'Error while running "elementPresent" command: Testing if element <#badElement> is present. - expected \u001b[0;32m"present"\u001b[0m but got: \u001b[0;31m"not present"\u001b[0m'[39m,
  showDiff: [33mfalse[39m,
  abortOnFailure: [33mtrue[39m }
  [32m  ✓[0m[90m testRunner with suiteRetries and skip_testcases_on_fail=false[0m[33m (66ms)[0m
  [32m  ✓[0m[90m testRunner with suiteRetries and locate strategy change[0m[33m (71ms)[0m
  [32m  ✓[0m[90m test clear command queue when run with suiteRetries[0m[33m (53ms)[0m
  [32m  ✓[0m[90m testRunModuleSyncName[0m[33m (50ms)[0m
  [32m  ✓[0m[90m test run multiple sources and same module name[0m[33m (58ms)[0m
  [32m  ✓[0m[90m testRunMultipleSrcFolders[0m[33m (54ms)[0m

[0m  testRunWithExclude[0m
  [32m  ✓[0m[90m testRunWithExcludeFolder[0m[33m (38ms)[0m
  [32m  ✓[0m[90m testRun with exclude folder name and multiple src_folders[0m
  [32m  ✓[0m[90m testRun with exclude folder pattern and multiple src_folders[0m
  [32m  ✓[0m[90m testRun with filter folder name and multiple src_folders[0m
  [32m  ✓[0m[90m testRun with filter pattern and multiple src_folders[0m
  [32m  ✓[0m[90m testRun with filter pattern relative and single src_folders[0m
  [32m  ✓[0m[90m testRun with both filter and exclude patterns and single src_folder[0m
  [32m  ✓[0m[90m testRunWithExcludePattern[0m
  [32m  ✓[0m[90m testRunWithExcludeFile[0m
(node:4439) MaxListenersExceededWarning: Possible EventEmitter memory leak detected. 11 exit listeners added. Use emitter.setMaxListeners() to increase limit
(node:4439) MaxListenersExceededWarning: Possible EventEmitter memory leak detected. 11 uncaughtException listeners added. Use emitter.setMaxListeners() to increase limit
(node:4439) MaxListenersExceededWarning: Possible EventEmitter memory leak detected. 11 unhandledRejection listeners added. Use emitter.setMaxListeners() to increase limit
  [32m  ✓[0m[90m test running with multiple excludes will exclude all matches with single src folder[0m
  [32m  ✓[0m[90m test running with multiple excludes will exclude all matches with multiple src folders[0m

[0m  testRunWithGlobalHooks[0m
  [32m  ✓[0m[90m testRunner with globalBefore and after[0m[31m (89ms)[0m
  [32m  ✓[0m[90m testRunner with global async beforeEach and afterEach[0m[31m (208ms)[0m
  [32m  ✓[0m[90m testRunner with global async beforeEach and afterEach with api argument[0m[31m (177ms)[0m
  [32m  ✓[0m[90m test run with global async beforeEach and assert failure[0m[31m (129ms)[0m
  [32m  ✓[0m[90m test run with global async beforeEach and exception[0m[31m (112ms)[0m
  [32m  ✓[0m[90m test run with global async beforeEach and done(err);[0m[31m (96ms)[0m
{     at Object.demoTest (/home/travis/build/nightwatchjs/nightwatch/test/sampletests/withfailures/sample.js:15:15)
    at Context.call (/home/travis/build/nightwatchjs/nightwatch/lib/testsuite/context.js:203:32)
    at TestCase.run (/home/travis/build/nightwatchjs/nightwatch/lib/testsuite/testcase.js:49:31)
    at Runnable.handleRunnable [as __runFn] (/home/travis/build/nightwatchjs/nightwatch/lib/testsuite/testsuite.js:349:32)
    at Runnable.run (/home/travis/build/nightwatchjs/nightwatch/lib/testsuite/runnable.js:123:21)
    at TestSuite.createRunnable (/home/travis/build/nightwatchjs/nightwatch/lib/testsuite/testsuite.js:416:33)
    at TestSuite.handleRunnable (/home/travis/build/nightwatchjs/nightwatch/lib/testsuite/testsuite.js:420:17)
    at createSession.then.then._ (/home/travis/build/nightwatchjs/nightwatch/lib/testsuite/testsuite.js:348:21)
    at process._tickCallback (internal/process/next_tick.js:68:7)
  message:
   [32m'Error while running "elementPresent" command: Testing if element <#badElement> is present in 1000 ms. - expected \u001b[0;32m"present"\u001b[0m but got: \u001b[0;31m"not present"\u001b[0m'[39m,
  showDiff: [33mfalse[39m,
  abortOnFailure: [33mtrue[39m }
{     at Object.demoTest (/home/travis/build/nightwatchjs/nightwatch/test/sampletests/withfailures/sample.js:15:15)
    at Context.call (/home/travis/build/nightwatchjs/nightwatch/lib/testsuite/context.js:203:32)
    at TestCase.run (/home/travis/build/nightwatchjs/nightwatch/lib/testsuite/testcase.js:49:31)
    at Runnable.handleRunnable [as __runFn] (/home/travis/build/nightwatchjs/nightwatch/lib/testsuite/testsuite.js:349:32)
    at Runnable.run (/home/travis/build/nightwatchjs/nightwatch/lib/testsuite/runnable.js:123:21)
    at TestSuite.createRunnable (/home/travis/build/nightwatchjs/nightwatch/lib/testsuite/testsuite.js:416:33)
    at TestSuite.handleRunnable (/home/travis/build/nightwatchjs/nightwatch/lib/testsuite/testsuite.js:420:17)
    at createSession.then.then._ (/home/travis/build/nightwatchjs/nightwatch/lib/testsuite/testsuite.js:348:21)
    at process._tickCallback (internal/process/next_tick.js:68:7)
  message:
   [32m'Error while running "elementPresent" command: Testing if element <#badElement> is present in 1000 ms. - expected \u001b[0;32m"present"\u001b[0m but got: \u001b[0;31m"not present"\u001b[0m'[39m,
  showDiff: [33mfalse[39m,
  abortOnFailure: [33mtrue[39m }
{     at Object.demoTest (/home/travis/build/nightwatchjs/nightwatch/test/sampletests/withfailures/sample.js:15:15)
    at Context.call (/home/travis/build/nightwatchjs/nightwatch/lib/testsuite/context.js:203:32)
    at TestCase.run (/home/travis/build/nightwatchjs/nightwatch/lib/testsuite/testcase.js:49:31)
    at Runnable.handleRunnable [as __runFn] (/home/travis/build/nightwatchjs/nightwatch/lib/testsuite/testsuite.js:349:32)
    at Runnable.run (/home/travis/build/nightwatchjs/nightwatch/lib/testsuite/runnable.js:123:21)
    at TestSuite.createRunnable (/home/travis/build/nightwatchjs/nightwatch/lib/testsuite/testsuite.js:416:33)
    at TestSuite.handleRunnable (/home/travis/build/nightwatchjs/nightwatch/lib/testsuite/testsuite.js:420:17)
    at createSession.then.then._ (/home/travis/build/nightwatchjs/nightwatch/lib/testsuite/testsuite.js:348:21)
    at process._tickCallback (internal/process/next_tick.js:68:7)
  message:
   [32m'Error while running "elementPresent" command: Testing if element <#badElement> is present in 1000 ms. - expected \u001b[0;32m"present"\u001b[0m but got: \u001b[0;31m"not present"\u001b[0m'[39m,
  showDiff: [33mfalse[39m,
  abortOnFailure: [33mtrue[39m }
  [32m  ✓[0m[90m test currentTest in global beforeEach/afterEach[0m[31m (1045ms)[0m

[0m  testRunWithGlobalReporter[0m
  [32m  ✓[0m[90m testRunWithGlobalReporter[0m[31m (119ms)[0m
  [32m  ✓[0m[90m testRunner with global async reporter[0m[31m (111ms)[0m
  [32m  ✓[0m[90m testRunner with global async reporter and timeout error[0m[31m (137ms)[0m

[0m  testRunWithHooks[0m
  [32m  ✓[0m[90m testRunner with before hook and explicit callback error[0m
  [32m  ✓[0m[90m testRunner with beforeAsync hook and explicit callback error[0m[31m (134ms)[0m
  [32m  ✓[0m[90m testRunner with beforeWithClient hook and explicit callback error[0m[31m (92ms)[0m
  [32m  ✓[0m[90m testRunner with beforeEach hook and explicit callback error[0m
  [32m  ✓[0m[90m testRunner with beforeEachAsync hook and explicit callback error[0m[33m (42ms)[0m
  [32m  ✓[0m[90m testRunner with beforeEachWithClient hook and explicit callback error[0m[33m (40ms)[0m
  [32m  ✓[0m[90m testRunner with beforeEachAsyncWithClient hook and explicit callback error[0m[33m (42ms)[0m
  [32m  ✓[0m[90m testRunner with beforeEachAsyncWithClientMultiple hook and explicit callback error[0m[33m (55ms)[0m
  [32m  ✓[0m[90m testRunner with afterEach hook and explicit callback error[0m[33m (39ms)[0m
  [32m  ✓[0m[90m testRunner with afterEachAsync hook and explicit callback error[0m[33m (56ms)[0m
  [32m  ✓[0m[90m testRunner with afterEachWithClient hook and explicit callback error[0m
  [32m  ✓[0m[90m testRunner with after hook and explicit callback error[0m
  [32m  ✓[0m[90m testRunner with afterAsync hook and explicit callback error[0m[33m (61ms)[0m
  [32m  ✓[0m[90m testRunner with afterWithClient hook and explicit callback error[0m
  [32m  ✓[0m[90m test run with async before and after[0m[33m (68ms)[0m
  [32m  ✓[0m[90m test run with async afterEach[0m[33m (52ms)[0m
  [32m  ✓[0m[90m testRunner async with before and after[0m[31m (137ms)[0m
  [32m  ✓[0m[90m testRunner with --testcase and before and after[0m
  [32m  ✓[0m[90m testRunWithAsyncHooks[0m[31m (102ms)[0m
  [32m  ✓[0m[90m test async afterEach hook timeout error[0m[33m (70ms)[0m

[0m  testRunWithMultipleSources[0m
  [32m  ✓[0m[90m testRunWithMultipleSourceFiles[0m[33m (62ms)[0m
  [32m  ✓[0m[90m testRunWithSourceFilesAndFolders[0m[31m (133ms)[0m
  [32m  ✓[0m[90m testRunner with multiple src_folders value[0m[33m (46ms)[0m
[0;32m✔[0m demoSync
[0;32m✔[0m demoTestAsync
  [32m  ✓[0m[90m testRunner with multiple src_folders value - with unit tests error[0m[31m (82ms)[0m

[0m  testRunWithTags[0m
  [32m  ✓[0m[90m testRunWithTags[0m
  [32m  ✓[0m[90m testRunWithTagsAndFilterEmpty[0m[31m (81ms)[0m
  [32m  ✓[0m[90m testRunWithTagsAndFilterNotEmpty[0m[33m (68ms)[0m
  [32m  ✓[0m[90m testRunWithTagsAndSkipTags[0m[33m (40ms)[0m
  [32m  ✓[0m[90m testRunner with tags and skip tags no matches[0m

[0m  testRunner[0m
  [32m  ✓[0m[90m testRunEmptyFolder[0m
  [32m  ✓[0m[90m testRunNoSrcFoldersArgument[0m
  [32m  ✓[0m[90m testRunSimple[0m[33m (46ms)[0m
  [32m  ✓[0m[90m testRunWithJUnitOutput[0m

[0m  testRunnerChaiExpect[0m
 [1;36mReceived session with ID: 1352110219202
[0m
 [1;37m[0;32m→[0m Running [before]:[0m
 [1;37m[0;32m→[0m Completed [before].[0m
 [1;37m[0;32m→[0m Running [beforeEach]:[0m
 [1;37m[0;32m→[0m Completed [beforeEach].[0m
 [1;37m
 [0;32m→[0m Running command: [1;32murl[0m ('http://localhost')[0m
 [1;37m[0;32m→[0m Completed command [1;32murl[0m ('http://localhost') (2ms)[0m
 [1;37m
 [0;32m→[0m Running command: [1;32melement[0m ('#weblogin')[0m
[0;32m✔[0m Expected element <#weblogin> to be present - element was present in 2ms
 [1;37m[0;32m→[0m Completed command [1;32melement[0m ('#weblogin') (2ms)[0m
 [1;37m
 [0;32m→[0m Running command: [1;32mend[0m ()[0m
 [1;37m
 [0;32m→[0m Running command: [1;32msession[0m ('delete', [Function])[0m
 [1;37m[0;32m→[0m Completed command [1;32mend[0m () (2ms)[0m
 [1;37m[0;32m→[0m Completed command [1;32msession[0m ('delete', [Function]) (1ms)[0m
 [1;37m[0;32m→[0m Running [afterEach]:[0m
 [1;37m[0;32m→[0m Completed [afterEach].[0m

[0;32mOK.[0m [0;32m1[0m assertions passed. (9ms)
 [1;36mReceived session with ID: 1352110219202
[0m
 [1;37m[0;32m→[0m Running [beforeEach]:[0m
 [1;37m[0;32m→[0m Completed [beforeEach].[0m
 [1;37m
 [0;32m→[0m Running command: [1;32murl[0m ('http://localhost')[0m
 [1;37m[0;32m→[0m Completed command [1;32murl[0m ('http://localhost') (1ms)[0m
 [1;37m
 [0;32m→[0m Running command: [1;32melements[0m ('css selector', '#weblogin', [Function])[0m
 [1;37m[0;32m→[0m Completed command [1;32melements[0m ('css selector', '#weblogin', [Function]) (4ms)[0m
 [1;37m
 [0;32m→[0m Running command: [1;32mend[0m ()[0m
 [1;37m
 [0;32m→[0m Running command: [1;32msession[0m ('delete', [Function])[0m
 [1;37m[0;32m→[0m Completed command [1;32mend[0m () (3ms)[0m
 [1;37m[0;32m→[0m Completed command [1;32msession[0m ('delete', [Function]) (1ms)[0m
 [1;37m[0;32m→[0m Running [afterEach]:[0m
 [1;37m[0;32m→[0m Completed [afterEach].[0m
[0;32mNo assertions ran.[0m
 [1;37m[0;32m→[0m Running [after]:[0m
 [1;37m[0;32m→[0m Completed [after].[0m
  [32m  ✓[0m[90m testRunWithChaiExpect[0m

[0m  testRunnerSessionCreate[0m
  [32m  ✓[0m[90m testRunner with session create error using webdriver[0m
  [32m  ✓[0m[90m testRunner with session ECONNREFUSED error using webdriver[0m

[0m  testRunnerUnitTests[0m
[0;32m✔[0m demoTestSync
[0;32m✔[0m demoTestAsync
[0;32m✔[0m demoSync
[0;32m✔[0m demoTestAsync
  [32m  ✓[0m[90m testRunUnitTests[0m
[0;32m✔[0m demoSync
[0;32m✔[0m demoTestAsync
  [32m  ✓[0m[90m testRunner unit tests with annotation[0m
[0;31m✖[0m [0;31mdemoSync[0m
  [32m  ✓[0m[90m testRunner unit tests with annotation and error thrown[0m
[0;31m✖[0m [0;31mdemoTest[0m
  [32m  ✓[0m[90m test run unit tests with junit output and failures[0m
 [1;37m[0;32m→[0m Running [before]:[0m
 [1;37m[0;32m→[0m Completed [before].[0m
 [1;37m[0;32m→[0m Running [beforeEach]:[0m
 [1;37m[0;32m→[0m Completed [beforeEach].[0m
 [1;37m[0;32m→[0m Running [afterEach]:[0m
 [1;37m[0;32m→[0m Completed [afterEach].[0m
[0;31m✖[0m [0;31mdemoTest[0m
 [1;31m[0;31m  done() callback timeout of 10ms was reached while executing "demoTest". Make sure to call the done() callback when the operation finishes.[0m
[0;90m       at Timeout.timeoutId.setTimeout [as _onTimeout] (/home/travis/build/nightwatchjs/nightwatch/lib/util/timed-callback.js:52:17)[0m[0m
 [1;37m[0;32m→[0m Running [after]:[0m
 [1;37m[0;32m→[0m Completed [after].[0m
  [32m  ✓[0m[90m test async unit test with timeout error[0m

[0m  test TagsMatcher[0m
  [32m  ✓[0m[90m tag: test matching tags[0m
  [32m  ✓[0m[90m tag: test non-matching tags[0m
  [32m  ✓[0m[90m tag: test undefined tags[0m
  [32m  ✓[0m[90m tag: test loading module with tags[0m
 [1;31m[0;31m  An error occurred while reading file "/home/travis/build/nightwatchjs/nightwatch/test/extra/mock-errors/sample-error.js": Error thrown in a user file[0m
[0;90m       at Object.<anonymous> (/home/travis/build/nightwatchjs/nightwatch/test/extra/mock-errors/sample-error.js:1:69)
       at Module._compile (internal/modules/cjs/loader.js:689:30)
       at Object.Module._extensions..js (internal/modules/cjs/loader.js:700:10)
       at Module.load (internal/modules/cjs/loader.js:599:32)
       at tryModuleLoad (internal/modules/cjs/loader.js:538:12)
       at Function.Module._load (internal/modules/cjs/loader.js:530:3)
       at Module.require (internal/modules/cjs/loader.js:637:17)
       at require (internal/modules/cjs/helpers.js:22:18)
       at TagsMatcher.match (/home/travis/build/nightwatchjs/nightwatch/lib/runner/matchers/tags.js:57:20)
       at Context.<anonymous> (/home/travis/build/nightwatchjs/nightwatch/test/src/runner/testTagsMatcher.js:64:27)[0m[0m
  [32m  ✓[0m[90m tag: test loading modules containing an error should not be silent[0m
  [32m  ✓[0m[90m tag: test matching numeric tags[0m
  [32m  ✓[0m[90m tag: test matching numeric tags single[0m
  [32m  ✓[0m[90m skiptag test not matching[0m
  [32m  ✓[0m[90m skiptag test matching[0m
  [32m  ✓[0m[90m skiptag test matching - undefined local tags[0m
  [32m  ✓[0m[90m skiptag test loading module with matching tags[0m
  [32m  ✓[0m[90m skiptag test loading module with no tags[0m
  [32m  ✓[0m[90m tag filter does not find module, but skiptag does and excludes it[0m
  [32m  ✓[0m[90m tag filter finds module, skiptag also does and excludes it[0m
  [32m  ✓[0m[90m tag filter finds module, and skiptag does not[0m

[0m  test Utils[0m
  [32m  ✓[0m[90m testFormatElapsedTime[0m
  [32m  ✓[0m[90m testMakeFnAsync[0m
  [32m  ✓[0m[90m testCheckFunction[0m
  [32m  ✓[0m[90m testGetTestSuiteName[0m

[0m  Webdriver Manager[0m
[0m    test Selenium Server[0m
    [32m  ✓[0m[90m testStartSeleniumServerDisabled[0m
    [32m  ✓[0m[90m testStartWebdriverServerDisabled[0m
 [1;36mStarting Selenium Server on port 4444...[0m
 [1;36mSelenium Server process closed.[0m
 [1;36mSelenium Server up and running on port 4444 with pid: 1 (103ms).[0m
    [32m  ✓[0m[90m testStartServer[0m[31m (105ms)[0m
 [1;36mStarting Selenium Server on port 1024...[0m
 [1;36mSelenium Server process closed.[0m
    [32m  ✓[0m[90m testStartServerWithExitCode[0m

[0m  Webdriver Manager[0m
[0m    test WebDriver[0m
    [32m  ✓[0m[90m test start geckodriver with concurrency[0m


[92m [0m[32m 642 passing[0m[90m (21s)[0m

travis_time:end:1216e2e6:start=1545166250227145926,finish=1545166271814917390,duration=21587771464[0K[32;1mThe command "npm test" exited with 0.[0m


travis_fold:start:after_success[0Ktravis_time:start:20c0fe77[0K$ npm run coverage

> nightwatch@1.0.16 coverage /home/travis/build/nightwatchjs/nightwatch
> nyc report --reporter=text-lcov | coveralls

/home/travis/build/nightwatchjs/nightwatch/node_modules/nyc/node_modules/yargs/yargs.js:1133
      else throw err
           ^

Error: ENOENT: no such file or directory, scandir '/home/travis/build/nightwatchjs/nightwatch/.nyc_output'
    at Object.readdirSync (fs.js:786:3)
    at NYC.eachReport (/home/travis/build/nightwatchjs/nightwatch/node_modules/nyc/index.js:532:31)
    at NYC.getCoverageMapFromAllCoverageFiles (/home/travis/build/nightwatchjs/nightwatch/node_modules/nyc/index.js:432:8)
    at NYC.report (/home/travis/build/nightwatchjs/nightwatch/node_modules/nyc/index.js:450:18)
    at Object.exports.handler (/home/travis/build/nightwatchjs/nightwatch/node_modules/nyc/lib/commands/report.js:44:7)
    at Object.runCommand (/home/travis/build/nightwatchjs/nightwatch/node_modules/nyc/node_modules/yargs/lib/command.js:235:44)
    at Object.parseArgs [as _parseArgs] (/home/travis/build/nightwatchjs/nightwatch/node_modules/nyc/node_modules/yargs/yargs.js:1046:30)
    at Object.parse (/home/travis/build/nightwatchjs/nightwatch/node_modules/nyc/node_modules/yargs/yargs.js:551:25)
    at Object.<anonymous> (/home/travis/build/nightwatchjs/nightwatch/node_modules/nyc/bin/nyc.js:24:35)
    at Module._compile (internal/modules/cjs/loader.js:689:30)
[error] "2018-12-18T20:51:12.533Z"  'error from lcovParse: ' 'Failed to parse string'
[error] "2018-12-18T20:51:12.535Z"  'input: ' ''
[error] "2018-12-18T20:51:12.535Z"  'error from convertLcovToCoveralls'

/home/travis/build/nightwatchjs/nightwatch/node_modules/coveralls/bin/coveralls.js:18
        throw err;
        ^
Failed to parse string
[37;40mnpm[0m [0m[31;40mERR![0m [0m[35mcode[0m ELIFECYCLE
[0m[37;40mnpm[0m [0m[31;40mERR![0m [0m[35merrno[0m 1
[0m[37;40mnpm[0m [0m[31;40mERR![0m[35m[0m nightwatch@1.0.16 coverage: `nyc report --reporter=text-lcov | coveralls`
[0m[37;40mnpm[0m [0m[31;40mERR![0m[35m[0m Exit status 1
[0m[37;40mnpm[0m [0m[31;40mERR![0m[35m[0m 
[0m[37;40mnpm[0m [0m[31;40mERR![0m[35m[0m Failed at the nightwatch@1.0.16 coverage script.
[0m[37;40mnpm[0m [0m[31;40mERR![0m[35m[0m This is probably not a problem with npm. There is likely additional logging output above.
[0m
[37;40mnpm[0m [0m[31;40mERR![0m[35m[0m A complete log of this run can be found in:
[0m[37;40mnpm[0m [0m[31;40mERR![0m[35m[0m     /home/travis/.npm/_logs/2018-12-18T20_51_12_544Z-debug.log
[0mtravis_time:end:20c0fe77:start=1545166271820065608,finish=1545166272570023437,duration=749957829[0Ktravis_fold:end:after_success[0K
Done. Your build exited with 0.
